2020-03-25 21:39:35,734 P2147 [INFO] ************************************************************
2020-03-25 21:39:35,734 P2147 [INFO] ConfigSet _OnInstanceBoot
2020-03-25 21:39:35,738 P2147 [INFO] ++++++++++++++++++++++++++++++++++++++++++++++++++++++++++++
2020-03-25 21:39:35,738 P2147 [INFO] Config AWSEBBaseConfig
2020-03-25 21:39:35,740 P2147 [INFO] ============================================================
2020-03-25 21:39:35,740 P2147 [INFO] Command clearbackupfiles
2020-03-25 21:39:35,742 P2147 [INFO] Completed successfully.
2020-03-25 21:39:35,748 P2147 [INFO] ++++++++++++++++++++++++++++++++++++++++++++++++++++++++++++
2020-03-25 21:39:35,748 P2147 [INFO] Config AWSEBMessageOfTheDay
2020-03-25 21:39:35,748 P2147 [INFO] ============================================================
2020-03-25 21:39:35,748 P2147 [INFO] Command 01clearoriginal
2020-03-25 21:39:35,751 P2147 [INFO] Completed successfully.
2020-03-25 21:39:35,751 P2147 [INFO] ============================================================
2020-03-25 21:39:35,751 P2147 [INFO] Command 02createbanner
2020-03-25 21:39:35,755 P2147 [INFO] Completed successfully.
2020-03-25 21:39:35,755 P2147 [INFO] ============================================================
2020-03-25 21:39:35,755 P2147 [INFO] Command 03updatebanner
2020-03-25 21:39:35,764 P2147 [INFO] Completed successfully.
2020-03-25 21:39:35,771 P2147 [INFO] ++++++++++++++++++++++++++++++++++++++++++++++++++++++++++++
2020-03-25 21:39:35,771 P2147 [INFO] Config AWSEBULimitConfig
2020-03-25 21:39:35,771 P2147 [INFO] ============================================================
2020-03-25 21:39:35,771 P2147 [INFO] Command 00removebackup
2020-03-25 21:39:35,773 P2147 [INFO] Completed successfully.
2020-03-25 21:39:35,778 P2147 [INFO] ++++++++++++++++++++++++++++++++++++++++++++++++++++++++++++
2020-03-25 21:39:35,778 P2147 [INFO] Config AWSEBCfnHupEndpointOverride
2020-03-25 21:39:35,779 P2147 [INFO] ============================================================
2020-03-25 21:39:35,779 P2147 [INFO] Command clearbackupfiles
2020-03-25 21:39:35,781 P2147 [INFO] Completed successfully.
2020-03-25 21:39:35,785 P2147 [INFO] ++++++++++++++++++++++++++++++++++++++++++++++++++++++++++++
2020-03-25 21:39:35,786 P2147 [INFO] Config Infra-InstallContainerHooksPkg
2020-03-25 21:39:35,786 P2147 [INFO] ============================================================
2020-03-25 21:39:35,786 P2147 [INFO] Command 00mkdir
2020-03-25 21:39:35,788 P2147 [INFO] Completed successfully.
2020-03-25 21:39:35,789 P2147 [INFO] ============================================================
2020-03-25 21:39:35,789 P2147 [INFO] Command 01download_container_hooks
2020-03-25 21:39:35,822 P2147 [INFO] Completed successfully.
2020-03-25 21:39:35,823 P2147 [INFO] ============================================================
2020-03-25 21:39:35,823 P2147 [INFO] Command 02install_container_hooks
2020-03-25 21:39:35,829 P2147 [INFO] Completed successfully.
2020-03-25 21:39:35,829 P2147 [INFO] ============================================================
2020-03-25 21:39:35,829 P2147 [INFO] Command 03cleanup
2020-03-25 21:39:35,831 P2147 [INFO] Completed successfully.
2020-03-25 21:39:35,836 P2147 [INFO] ++++++++++++++++++++++++++++++++++++++++++++++++++++++++++++
2020-03-25 21:39:35,836 P2147 [INFO] Config Infra-WriteLeaderTestScript
2020-03-25 21:39:35,840 P2147 [INFO] ++++++++++++++++++++++++++++++++++++++++++++++++++++++++++++
2020-03-25 21:39:35,840 P2147 [INFO] Config Infra-WriteTailLogsConf
2020-03-25 21:39:35,844 P2147 [INFO] ++++++++++++++++++++++++++++++++++++++++++++++++++++++++++++
2020-03-25 21:39:35,844 P2147 [INFO] Config Infra-WriteSystemTailLogsConf
2020-03-25 21:39:35,848 P2147 [INFO] ++++++++++++++++++++++++++++++++++++++++++++++++++++++++++++
2020-03-25 21:39:35,848 P2147 [INFO] Config Infra-WriteBundleLogsConf
2020-03-25 21:39:35,852 P2147 [INFO] ++++++++++++++++++++++++++++++++++++++++++++++++++++++++++++
2020-03-25 21:39:35,852 P2147 [INFO] Config Infra-WritePublishLogsConf
2020-03-25 21:39:35,855 P2147 [INFO] ++++++++++++++++++++++++++++++++++++++++++++++++++++++++++++
2020-03-25 21:39:35,855 P2147 [INFO] Config Infra-WritePublishLogsCron
2020-03-25 21:40:27,976 P2538 [INFO] ************************************************************
2020-03-25 21:40:27,976 P2538 [INFO] ConfigSet Infra-EmbeddedPreBuild
2020-03-25 21:40:29,722 P2627 [INFO] ************************************************************
2020-03-25 21:40:29,722 P2627 [INFO] ConfigSet Infra-EmbeddedPostBuild
2020-03-25 21:56:18,337 P3583 [INFO] ************************************************************
2020-03-25 21:56:18,337 P3583 [INFO] ConfigSet Infra-EmbeddedPreBuild
2020-03-25 21:56:20,520 P3672 [INFO] ************************************************************
2020-03-25 21:56:20,520 P3672 [INFO] ConfigSet Infra-EmbeddedPostBuild
