2020-03-25 21:39:35,726 [INFO] -----------------------Starting build-----------------------
2020-03-25 21:39:35,731 [INFO] Running configSets: _OnInstanceBoot
2020-03-25 21:39:35,734 [INFO] Running configSet _OnInstanceBoot
2020-03-25 21:39:35,738 [INFO] Running config AWSEBBaseConfig
2020-03-25 21:39:35,743 [INFO] Command clearbackupfiles succeeded
2020-03-25 21:39:35,748 [INFO] Running config AWSEBMessageOfTheDay
2020-03-25 21:39:35,751 [INFO] Command 01clearoriginal succeeded
2020-03-25 21:39:35,755 [INFO] Command 02createbanner succeeded
2020-03-25 21:39:35,765 [INFO] Command 03updatebanner succeeded
2020-03-25 21:39:35,770 [INFO] Running config AWSEBULimitConfig
2020-03-25 21:39:35,774 [INFO] Command 00removebackup succeeded
2020-03-25 21:39:35,778 [INFO] Running config AWSEBCfnHupEndpointOverride
2020-03-25 21:39:35,781 [INFO] Command clearbackupfiles succeeded
2020-03-25 21:39:35,785 [INFO] Running config Infra-InstallContainerHooksPkg
2020-03-25 21:39:35,788 [INFO] Command 00mkdir succeeded
2020-03-25 21:39:35,823 [INFO] Command 01download_container_hooks succeeded
2020-03-25 21:39:35,829 [INFO] Command 02install_container_hooks succeeded
2020-03-25 21:39:35,831 [INFO] Command 03cleanup succeeded
2020-03-25 21:39:35,835 [INFO] Running config Infra-WriteLeaderTestScript
2020-03-25 21:39:35,840 [INFO] Running config Infra-WriteTailLogsConf
2020-03-25 21:39:35,844 [INFO] Running config Infra-WriteSystemTailLogsConf
2020-03-25 21:39:35,848 [INFO] Running config Infra-WriteBundleLogsConf
2020-03-25 21:39:35,851 [INFO] Running config Infra-WritePublishLogsConf
2020-03-25 21:39:35,855 [INFO] Running config Infra-WritePublishLogsCron
2020-03-25 21:39:35,856 [INFO] ConfigSets completed
2020-03-25 21:39:35,856 [INFO] -----------------------Build complete-----------------------
2020-03-25 21:40:27,967 [INFO] -----------------------Starting build-----------------------
2020-03-25 21:40:27,973 [INFO] Running configSets: Infra-EmbeddedPreBuild
2020-03-25 21:40:27,976 [INFO] Running configSet Infra-EmbeddedPreBuild
2020-03-25 21:40:27,976 [INFO] ConfigSets completed
2020-03-25 21:40:27,976 [INFO] -----------------------Build complete-----------------------
2020-03-25 21:40:29,711 [INFO] -----------------------Starting build-----------------------
2020-03-25 21:40:29,720 [INFO] Running configSets: Infra-EmbeddedPostBuild
2020-03-25 21:40:29,722 [INFO] Running configSet Infra-EmbeddedPostBuild
2020-03-25 21:40:29,722 [INFO] ConfigSets completed
2020-03-25 21:40:29,723 [INFO] -----------------------Build complete-----------------------
2020-03-25 21:56:15,301 [ERROR] SSLError
Traceback (most recent call last):
  File "/usr/lib/python2.7/dist-packages/cfnbootstrap/util.py", line 162, in _retry
    return f(*args, **kwargs)
  File "/usr/lib/python2.7/dist-packages/cfnbootstrap/util.py", line 234, in _timeout
    raise exc[0]
SSLError: TLS/SSL connection has been closed (EOF) (_ssl.c:727)
2020-03-25 21:56:18,327 [INFO] -----------------------Starting build-----------------------
2020-03-25 21:56:18,333 [INFO] Running configSets: Infra-EmbeddedPreBuild
2020-03-25 21:56:18,337 [INFO] Running configSet Infra-EmbeddedPreBuild
2020-03-25 21:56:18,338 [INFO] ConfigSets completed
2020-03-25 21:56:18,338 [INFO] -----------------------Build complete-----------------------
2020-03-25 21:56:20,512 [INFO] -----------------------Starting build-----------------------
2020-03-25 21:56:20,518 [INFO] Running configSets: Infra-EmbeddedPostBuild
2020-03-25 21:56:20,520 [INFO] Running configSet Infra-EmbeddedPostBuild
2020-03-25 21:56:20,521 [INFO] ConfigSets completed
2020-03-25 21:56:20,521 [INFO] -----------------------Build complete-----------------------
