2020-03-25 21:39:36,835 [DEBUG] CloudFormation client initialized with endpoint https://cloudformation.us-east-1.amazonaws.com
2020-03-25 21:39:36,836 [DEBUG] SQS client initialized with endpoint https://sqs.us-east-1.amazonaws.com
2020-03-25 21:39:36,836 [DEBUG] CloudFormation client initialized with endpoint https://cloudformation.us-east-1.amazonaws.com
2020-03-25 21:39:36,836 [DEBUG] Enabled single threading mode.
2020-03-25 21:39:36,836 [DEBUG] Creating /var/lib/cfn-hup/data
2020-03-25 21:39:36,842 [INFO] No umask value specified in config file. Using the default one: 022
2020-03-25 21:39:36,856 [DEBUG] Registering listener i-086294e0af6373aac for stack arn:aws:cloudformation:us-east-1:973590021417:stack/awseb-e-zy8qehshrv-stack/f8db6940-6ee0-11ea-a733-0ee829539650
2020-03-25 21:39:37,324 [INFO] Refreshing listener credentials
2020-03-25 21:39:37,324 [DEBUG] Get listener credentials for listener i-086294e0af6373aac in stack arn:aws:cloudformation:us-east-1:973590021417:stack/awseb-e-zy8qehshrv-stack/f8db6940-6ee0-11ea-a733-0ee829539650
2020-03-25 21:39:37,439 [INFO] Scheduling next credential refresh in 7200 seconds
2020-03-25 21:39:37,440 [DEBUG] Receiving messages for queue https://sqs.us-east-1.amazonaws.com/668920780829/29b43a297d73e1e0307bee9c10447f1956724d99cbfd59224bd0ff760e8afaab
2020-03-25 21:40:01,471 [ERROR] Timeout
Traceback (most recent call last):
  File "/usr/lib/python2.7/dist-packages/cfnbootstrap/util.py", line 162, in _retry
    return f(*args, **kwargs)
  File "/usr/lib/python2.7/dist-packages/cfnbootstrap/util.py", line 234, in _timeout
    raise exc[0]
ReadTimeout: HTTPSConnectionPool(host='sqs.us-east-1.amazonaws.com', port=443): Read timed out. (read timeout=23)
2020-03-25 21:40:01,472 [DEBUG] Sleeping for 0.041620 seconds before retrying
2020-03-25 21:40:01,515 [DEBUG] Receiving messages for queue https://sqs.us-east-1.amazonaws.com/668920780829/29b43a297d73e1e0307bee9c10447f1956724d99cbfd59224bd0ff760e8afaab
2020-03-25 21:40:21,591 [DEBUG] Receiving messages for queue https://sqs.us-east-1.amazonaws.com/668920780829/29b43a297d73e1e0307bee9c10447f1956724d99cbfd59224bd0ff760e8afaab
2020-03-25 21:40:26,720 [DEBUG] Processing message: {'EventHandle': 'https://cfn-command-events-useast1.s3.us-east-1.amazonaws.com/4ce77d5bcc8a2ab2e4daeead2be058818312d7c66b20e3d64415dca76b5edc07?X-Amz-Algorithm=AWS4-HMAC-SHA256&X-Amz-Date=20200325T214026Z&X-Amz-SignedHeaders=host&X-Amz-Expires=3719&X-Amz-Credential=AKIAI5VMU34ANEXDDPWQ%2F20200325%2Fus-east-1%2Fs3%2Faws4_request&X-Amz-Signature=e22eb21ff96da2d6898087d399f179280dff3b97fc60ac94c33ed85448a201a0', 'DispatcherId': 'arn:aws:cloudformation:us-east-1:973590021417:dispatcher/awseb-e-zy8qehshrv-stack/624ca97c-36aa-4f12-9997-909f4872552b', 'CommandName': 'ElasticBeanstalkCommand-AWSEBAutoScalingGroup', 'Expiration': 1585172546413, 'ResultQueue': 'https://sqs.us-east-1.amazonaws.com/668920780829/results', 'Data': 'https://elasticbeanstalk-us-east-1.s3.amazonaws.com/data/environments/04e95e2c-ed8c-4c51-860a-377568c007dc/e3be7dd1-6353-4691-af9c-440d0609b1ea?X-Amz-Algorithm=AWS4-HMAC-SHA256&X-Amz-Date=20200325T214026Z&X-Amz-SignedHeaders=host&X-Amz-Expires=300&X-Amz-Credential=AKIAJOBAZGDDMSAZSDSQ%2F20200325%2Fus-east-1%2Fs3%2Faws4_request&X-Amz-Signature=1309fb2f49b6f5def54176850c152280b8da1acf9db4c9b4a29f86602d11eaa7', 'InvocationId': '5006a793-9cbb-4c55-bef8-eccd7cded749'}
2020-03-25 21:40:26,721 [DEBUG] Command message: {'EventHandle': 'https://cfn-command-events-useast1.s3.us-east-1.amazonaws.com/4ce77d5bcc8a2ab2e4daeead2be058818312d7c66b20e3d64415dca76b5edc07?X-Amz-Algorithm=AWS4-HMAC-SHA256&X-Amz-Date=20200325T214026Z&X-Amz-SignedHeaders=host&X-Amz-Expires=3719&X-Amz-Credential=AKIAI5VMU34ANEXDDPWQ%2F20200325%2Fus-east-1%2Fs3%2Faws4_request&X-Amz-Signature=e22eb21ff96da2d6898087d399f179280dff3b97fc60ac94c33ed85448a201a0', 'DispatcherId': 'arn:aws:cloudformation:us-east-1:973590021417:dispatcher/awseb-e-zy8qehshrv-stack/624ca97c-36aa-4f12-9997-909f4872552b', 'CommandName': 'ElasticBeanstalkCommand-AWSEBAutoScalingGroup', 'Expiration': 1585172546413, 'ResultQueue': 'https://sqs.us-east-1.amazonaws.com/668920780829/results', 'Data': 'https://elasticbeanstalk-us-east-1.s3.amazonaws.com/data/environments/04e95e2c-ed8c-4c51-860a-377568c007dc/e3be7dd1-6353-4691-af9c-440d0609b1ea?X-Amz-Algorithm=AWS4-HMAC-SHA256&X-Amz-Date=20200325T214026Z&X-Amz-SignedHeaders=host&X-Amz-Expires=300&X-Amz-Credential=AKIAJOBAZGDDMSAZSDSQ%2F20200325%2Fus-east-1%2Fs3%2Faws4_request&X-Amz-Signature=1309fb2f49b6f5def54176850c152280b8da1acf9db4c9b4a29f86602d11eaa7', 'InvocationId': '5006a793-9cbb-4c55-bef8-eccd7cded749'}
2020-03-25 21:40:26,721 [INFO] Received command ElasticBeanstalkCommand-AWSEBAutoScalingGroup (invocation id: 5006a793-9cbb-4c55-bef8-eccd7cded749)
2020-03-25 21:40:26,721 [INFO] Running action for aws-eb-command-handler
2020-03-25 21:40:26,721 [DEBUG] Action environment: {'LANG': 'en_US.UTF-8', 'TERM': 'linux', 'LISTENER_ID': u'i-086294e0af6373aac', 'RESULT_SECRET_KEY': u'yyfI1fIkQQ6WGl3U7/60TXtzUOtVQ7gOlsXANi3e', 'SHLVL': '1', 'RESULT_ACCESS_KEY': u'ASIAZXPWJDAOYS7GXUGK', 'STACK_NAME': 'arn:aws:cloudformation:us-east-1:973590021417:stack/awseb-e-zy8qehshrv-stack/f8db6940-6ee0-11ea-a733-0ee829539650', 'RESULT_SESSION_TOKEN': u'IQoJb3JpZ2luX2VjEIb//////////wEaCXVzLWVhc3QtMSJHMEUCIFxFlkR3OH/VH7BB2biNRzcoj9TYd5AljqjP9WlvvBFgAiEAuSfPSzJytdT0sxpN+QJ2xDPEy7rQ8ObxP9mdH8Z8H7UqjgMIfxAAGgw2Njg5MjA3ODA4MjkiDJXQrpjjEMtL+pB3AirrAtaMRK6dii0nmJEpgM8TszdOFc950+95qHTY8vWkpn5b6EGcH7VDf52w54B5Z6DN2sAVu4FOKxfjxzwCVtNcHzuWyB0A7hrlCJ+m0BbYGklTEw8GEnon1g6fjh+8NsHlMyzJSPJk05KaD1we8NAiu3TvWklhaP0umcxv3UmETZWaleTWtr1iD5mAo+B2R99PIrOP7o8ITGhVz5uphqfMgcug1HrXYVblsKzV/JCwea4LOo8TT5SYUhawhm7iKZ6xgfxUdeaGlQX2MabOfZQ9aAU7MaaZAN9yKeDR/pqIMsHV9IE9iNyGVeh2GsBCGnHrUbXNzBjANgNuNmd9nZjgxcxrh9W+E2LfAfLWFPJWFtU1puhtgIYf5Wi/qJ2mmO/WiD6vcRqihvQlROhnT8DPEMs3PJWZ47ks5sraLmkGIwU9kRx6XxzAcuIb87eKkVId/Lx8Yd2hXOOAPYHYIxS8HSs8WJhzrWtn6/TW+jCan+/zBTrfAfB+bVB1e0WDJ+HbXMdIGjV/gHZj9IsFH++Jx7KnxetIvbhKASwbr3Auu4Nq6lLohH0Z9R2FMJzDp9uRXT3na+Z7NWGwdMn866bT4yXkTK5lpYl/adNevHJNjmiBhU6Y9jzImfuR+p35/dkioWQRrg1yhSEJgLrRvikgPfe3y+NzkbBB5XQWOl6T9C0q6/K4t0HEqh4nhvmAFW33YH0lUAvdUTUn49WTBYS3LTN4xjtJoBFwGU7m1GNP4Z/XInJlmNpkgWw+4DduG0yAPRtNVhKD4wp5+TJumyebf2Aih8I=', 'UPSTART_JOB': 'cfn-hup', 'CMD_DATA': 'https://elasticbeanstalk-us-east-1.s3.amazonaws.com/data/environments/04e95e2c-ed8c-4c51-860a-377568c007dc/e3be7dd1-6353-4691-af9c-440d0609b1ea?X-Amz-Algorithm=AWS4-HMAC-SHA256&X-Amz-Date=20200325T214026Z&X-Amz-SignedHeaders=host&X-Amz-Expires=300&X-Amz-Credential=AKIAJOBAZGDDMSAZSDSQ%2F20200325%2Fus-east-1%2Fs3%2Faws4_request&X-Amz-Signature=1309fb2f49b6f5def54176850c152280b8da1acf9db4c9b4a29f86602d11eaa7', 'UPSTART_INSTANCE': '', 'PWD': '/', 'PATH': '/usr/local/sbin:/usr/local/bin:/usr/bin:/usr/sbin:/sbin:/bin', 'CMD_NAME': 'ElasticBeanstalkCommand-AWSEBAutoScalingGroup', 'RESULT_QUEUE': 'https://sqs.us-east-1.amazonaws.com/668920780829/results', 'DISPATCHER_ID': 'arn:aws:cloudformation:us-east-1:973590021417:dispatcher/awseb-e-zy8qehshrv-stack/624ca97c-36aa-4f12-9997-909f4872552b', 'EVENT_HANDLE': 'https://cfn-command-events-useast1.s3.us-east-1.amazonaws.com/4ce77d5bcc8a2ab2e4daeead2be058818312d7c66b20e3d64415dca76b5edc07?X-Amz-Algorithm=AWS4-HMAC-SHA256&X-Amz-Date=20200325T214026Z&X-Amz-SignedHeaders=host&X-Amz-Expires=3719&X-Amz-Credential=AKIAI5VMU34ANEXDDPWQ%2F20200325%2Fus-east-1%2Fs3%2Faws4_request&X-Amz-Signature=e22eb21ff96da2d6898087d399f179280dff3b97fc60ac94c33ed85448a201a0', '_': '/opt/aws/bin/cfn-hup', 'INVOCATION_ID': '5006a793-9cbb-4c55-bef8-eccd7cded749'}
2020-03-25 21:40:36,252 [DEBUG] Action for aws-eb-command-handler output: {"status":"SUCCESS","api_version":"1.0","results":[{"status":"SUCCESS","msg":"","returncode":0,"events":[]}]}
2020-03-25 21:40:36,253 [INFO] Action for aws-eb-command-handler succeeded, returning SUCCESS
2020-03-25 21:40:36,254 [DEBUG] Sending {"Status": "SUCCESS", "DispatcherId": "arn:aws:cloudformation:us-east-1:973590021417:dispatcher/awseb-e-zy8qehshrv-stack/624ca97c-36aa-4f12-9997-909f4872552b", "ListenerId": "i-086294e0af6373aac", "CommandName": "ElasticBeanstalkCommand-AWSEBAutoScalingGroup", "InvocationId": "5006a793-9cbb-4c55-bef8-eccd7cded749", "Data": "{\"status\":\"SUCCESS\",\"api_version\":\"1.0\",\"results\":[{\"status\":\"SUCCESS\",\"msg\":\"\",\"returncode\":0,\"events\":[]}]}"} to queue https://sqs.us-east-1.amazonaws.com/668920780829/results
2020-03-25 21:40:36,377 [DEBUG] Deleting AQEBCCAaCJJRyM8uWB4UfXLW+QmOMkm1Lsi0LzHbSzohmnJODhe5rniyMS/FZyFriX0r7oBhofXdWWaqpuzc/Lbzu0ROgt5qO743Yg7wrRDp7hodh6OcwKpyM5z1oNCJQwvzbdSTstkUVS95lsUEyr0X5uxcdu6qpskcqSGDKoyQorrcVBIFHpVIrm143m49mWLdAYUOWGidcZ2901BT5bWjVxDaypvyaFaISP1Y5ulyt2Xuj+IhcNWpROsTXWQwhNpZTtYchSSEL/F778T4dIR8mbGBsyrRNIEaP5gxRZk32w2mtHP675DELXbswrWpz57gsQeeazWymhqgE48daDmbmuzhlVMUsbLFQz1M41WzrYj8D70N9B42043uG7yaWutLJ5sN+sYnEkNWceTzSwwq8Tj+6CG1MfZUEHelctrydsp0n4tHQfZ9rB+vpgYgtdteoHYolpJH2bU6f5nXOMAXgw== from queue https://sqs.us-east-1.amazonaws.com/668920780829/29b43a297d73e1e0307bee9c10447f1956724d99cbfd59224bd0ff760e8afaab
2020-03-25 21:40:36,462 [DEBUG] Receiving messages for queue https://sqs.us-east-1.amazonaws.com/668920780829/29b43a297d73e1e0307bee9c10447f1956724d99cbfd59224bd0ff760e8afaab
2020-03-25 21:40:56,539 [DEBUG] Receiving messages for queue https://sqs.us-east-1.amazonaws.com/668920780829/29b43a297d73e1e0307bee9c10447f1956724d99cbfd59224bd0ff760e8afaab
2020-03-25 21:41:16,613 [DEBUG] Receiving messages for queue https://sqs.us-east-1.amazonaws.com/668920780829/29b43a297d73e1e0307bee9c10447f1956724d99cbfd59224bd0ff760e8afaab
2020-03-25 21:41:36,685 [DEBUG] Receiving messages for queue https://sqs.us-east-1.amazonaws.com/668920780829/29b43a297d73e1e0307bee9c10447f1956724d99cbfd59224bd0ff760e8afaab
2020-03-25 21:41:56,755 [DEBUG] Receiving messages for queue https://sqs.us-east-1.amazonaws.com/668920780829/29b43a297d73e1e0307bee9c10447f1956724d99cbfd59224bd0ff760e8afaab
2020-03-25 21:42:16,822 [DEBUG] Receiving messages for queue https://sqs.us-east-1.amazonaws.com/668920780829/29b43a297d73e1e0307bee9c10447f1956724d99cbfd59224bd0ff760e8afaab
2020-03-25 21:42:36,889 [DEBUG] Receiving messages for queue https://sqs.us-east-1.amazonaws.com/668920780829/29b43a297d73e1e0307bee9c10447f1956724d99cbfd59224bd0ff760e8afaab
2020-03-25 21:42:56,963 [DEBUG] Receiving messages for queue https://sqs.us-east-1.amazonaws.com/668920780829/29b43a297d73e1e0307bee9c10447f1956724d99cbfd59224bd0ff760e8afaab
2020-03-25 21:43:17,040 [DEBUG] Receiving messages for queue https://sqs.us-east-1.amazonaws.com/668920780829/29b43a297d73e1e0307bee9c10447f1956724d99cbfd59224bd0ff760e8afaab
2020-03-25 21:43:37,065 [DEBUG] Receiving messages for queue https://sqs.us-east-1.amazonaws.com/668920780829/29b43a297d73e1e0307bee9c10447f1956724d99cbfd59224bd0ff760e8afaab
2020-03-25 21:43:57,139 [DEBUG] Receiving messages for queue https://sqs.us-east-1.amazonaws.com/668920780829/29b43a297d73e1e0307bee9c10447f1956724d99cbfd59224bd0ff760e8afaab
2020-03-25 21:44:17,210 [DEBUG] Receiving messages for queue https://sqs.us-east-1.amazonaws.com/668920780829/29b43a297d73e1e0307bee9c10447f1956724d99cbfd59224bd0ff760e8afaab
2020-03-25 21:44:37,283 [INFO] command processing is alive.
2020-03-25 21:44:37,284 [DEBUG] Receiving messages for queue https://sqs.us-east-1.amazonaws.com/668920780829/29b43a297d73e1e0307bee9c10447f1956724d99cbfd59224bd0ff760e8afaab
2020-03-25 21:44:57,313 [DEBUG] Receiving messages for queue https://sqs.us-east-1.amazonaws.com/668920780829/29b43a297d73e1e0307bee9c10447f1956724d99cbfd59224bd0ff760e8afaab
2020-03-25 21:45:17,393 [DEBUG] Receiving messages for queue https://sqs.us-east-1.amazonaws.com/668920780829/29b43a297d73e1e0307bee9c10447f1956724d99cbfd59224bd0ff760e8afaab
2020-03-25 21:45:37,474 [DEBUG] Receiving messages for queue https://sqs.us-east-1.amazonaws.com/668920780829/29b43a297d73e1e0307bee9c10447f1956724d99cbfd59224bd0ff760e8afaab
2020-03-25 21:45:57,503 [DEBUG] Receiving messages for queue https://sqs.us-east-1.amazonaws.com/668920780829/29b43a297d73e1e0307bee9c10447f1956724d99cbfd59224bd0ff760e8afaab
2020-03-25 21:46:17,573 [DEBUG] Receiving messages for queue https://sqs.us-east-1.amazonaws.com/668920780829/29b43a297d73e1e0307bee9c10447f1956724d99cbfd59224bd0ff760e8afaab
2020-03-25 21:46:37,643 [DEBUG] Receiving messages for queue https://sqs.us-east-1.amazonaws.com/668920780829/29b43a297d73e1e0307bee9c10447f1956724d99cbfd59224bd0ff760e8afaab
2020-03-25 21:46:57,722 [DEBUG] Receiving messages for queue https://sqs.us-east-1.amazonaws.com/668920780829/29b43a297d73e1e0307bee9c10447f1956724d99cbfd59224bd0ff760e8afaab
2020-03-25 21:47:17,755 [DEBUG] Receiving messages for queue https://sqs.us-east-1.amazonaws.com/668920780829/29b43a297d73e1e0307bee9c10447f1956724d99cbfd59224bd0ff760e8afaab
2020-03-25 21:47:37,787 [DEBUG] Receiving messages for queue https://sqs.us-east-1.amazonaws.com/668920780829/29b43a297d73e1e0307bee9c10447f1956724d99cbfd59224bd0ff760e8afaab
2020-03-25 21:47:43,018 [DEBUG] Processing message: {'EventHandle': 'https://cfn-command-events-useast1.s3.us-east-1.amazonaws.com/d0b3a03c758eb0dc4dfd60ee24e50e7ac1d7508b4e8c9cbdfe86ba77546986e4?X-Amz-Algorithm=AWS4-HMAC-SHA256&X-Amz-Date=20200325T214742Z&X-Amz-SignedHeaders=host&X-Amz-Expires=3719&X-Amz-Credential=AKIAI5VMU34ANEXDDPWQ%2F20200325%2Fus-east-1%2Fs3%2Faws4_request&X-Amz-Signature=2e0376f00d67badb3c9effeb062a595ecf61bedd13d0250b44e176898068e8f7', 'DispatcherId': 'arn:aws:cloudformation:us-east-1:973590021417:dispatcher/awseb-e-zy8qehshrv-stack/624ca97c-36aa-4f12-9997-909f4872552b', 'CommandName': 'ElasticBeanstalkCommand-AWSEBAutoScalingGroup', 'Expiration': 1585172982857, 'ResultQueue': 'https://sqs.us-east-1.amazonaws.com/668920780829/results', 'Data': 'https://elasticbeanstalk-us-east-1.s3.amazonaws.com/data/environments/04e95e2c-ed8c-4c51-860a-377568c007dc/3765de6f-21d8-4b68-a8c3-109a1196b599?X-Amz-Algorithm=AWS4-HMAC-SHA256&X-Amz-Date=20200325T214742Z&X-Amz-SignedHeaders=host&X-Amz-Expires=300&X-Amz-Credential=AKIAJOBAZGDDMSAZSDSQ%2F20200325%2Fus-east-1%2Fs3%2Faws4_request&X-Amz-Signature=15aa45db489b642aa62438c8b1480b3ddcb9266c0af1fd0a4fc2aa29c70e24f7', 'InvocationId': '414df67c-6c47-488e-8bca-39a568bf210d'}
2020-03-25 21:47:43,018 [DEBUG] Command message: {'EventHandle': 'https://cfn-command-events-useast1.s3.us-east-1.amazonaws.com/d0b3a03c758eb0dc4dfd60ee24e50e7ac1d7508b4e8c9cbdfe86ba77546986e4?X-Amz-Algorithm=AWS4-HMAC-SHA256&X-Amz-Date=20200325T214742Z&X-Amz-SignedHeaders=host&X-Amz-Expires=3719&X-Amz-Credential=AKIAI5VMU34ANEXDDPWQ%2F20200325%2Fus-east-1%2Fs3%2Faws4_request&X-Amz-Signature=2e0376f00d67badb3c9effeb062a595ecf61bedd13d0250b44e176898068e8f7', 'DispatcherId': 'arn:aws:cloudformation:us-east-1:973590021417:dispatcher/awseb-e-zy8qehshrv-stack/624ca97c-36aa-4f12-9997-909f4872552b', 'CommandName': 'ElasticBeanstalkCommand-AWSEBAutoScalingGroup', 'Expiration': 1585172982857, 'ResultQueue': 'https://sqs.us-east-1.amazonaws.com/668920780829/results', 'Data': 'https://elasticbeanstalk-us-east-1.s3.amazonaws.com/data/environments/04e95e2c-ed8c-4c51-860a-377568c007dc/3765de6f-21d8-4b68-a8c3-109a1196b599?X-Amz-Algorithm=AWS4-HMAC-SHA256&X-Amz-Date=20200325T214742Z&X-Amz-SignedHeaders=host&X-Amz-Expires=300&X-Amz-Credential=AKIAJOBAZGDDMSAZSDSQ%2F20200325%2Fus-east-1%2Fs3%2Faws4_request&X-Amz-Signature=15aa45db489b642aa62438c8b1480b3ddcb9266c0af1fd0a4fc2aa29c70e24f7', 'InvocationId': '414df67c-6c47-488e-8bca-39a568bf210d'}
2020-03-25 21:47:43,019 [INFO] Received command ElasticBeanstalkCommand-AWSEBAutoScalingGroup (invocation id: 414df67c-6c47-488e-8bca-39a568bf210d)
2020-03-25 21:47:43,019 [INFO] Running action for aws-eb-command-handler
2020-03-25 21:47:43,019 [DEBUG] Action environment: {'LANG': 'en_US.UTF-8', 'TERM': 'linux', 'LISTENER_ID': u'i-086294e0af6373aac', 'RESULT_SECRET_KEY': u'yyfI1fIkQQ6WGl3U7/60TXtzUOtVQ7gOlsXANi3e', 'SHLVL': '1', 'RESULT_ACCESS_KEY': u'ASIAZXPWJDAOYS7GXUGK', 'STACK_NAME': 'arn:aws:cloudformation:us-east-1:973590021417:stack/awseb-e-zy8qehshrv-stack/f8db6940-6ee0-11ea-a733-0ee829539650', 'RESULT_SESSION_TOKEN': u'IQoJb3JpZ2luX2VjEIb//////////wEaCXVzLWVhc3QtMSJHMEUCIFxFlkR3OH/VH7BB2biNRzcoj9TYd5AljqjP9WlvvBFgAiEAuSfPSzJytdT0sxpN+QJ2xDPEy7rQ8ObxP9mdH8Z8H7UqjgMIfxAAGgw2Njg5MjA3ODA4MjkiDJXQrpjjEMtL+pB3AirrAtaMRK6dii0nmJEpgM8TszdOFc950+95qHTY8vWkpn5b6EGcH7VDf52w54B5Z6DN2sAVu4FOKxfjxzwCVtNcHzuWyB0A7hrlCJ+m0BbYGklTEw8GEnon1g6fjh+8NsHlMyzJSPJk05KaD1we8NAiu3TvWklhaP0umcxv3UmETZWaleTWtr1iD5mAo+B2R99PIrOP7o8ITGhVz5uphqfMgcug1HrXYVblsKzV/JCwea4LOo8TT5SYUhawhm7iKZ6xgfxUdeaGlQX2MabOfZQ9aAU7MaaZAN9yKeDR/pqIMsHV9IE9iNyGVeh2GsBCGnHrUbXNzBjANgNuNmd9nZjgxcxrh9W+E2LfAfLWFPJWFtU1puhtgIYf5Wi/qJ2mmO/WiD6vcRqihvQlROhnT8DPEMs3PJWZ47ks5sraLmkGIwU9kRx6XxzAcuIb87eKkVId/Lx8Yd2hXOOAPYHYIxS8HSs8WJhzrWtn6/TW+jCan+/zBTrfAfB+bVB1e0WDJ+HbXMdIGjV/gHZj9IsFH++Jx7KnxetIvbhKASwbr3Auu4Nq6lLohH0Z9R2FMJzDp9uRXT3na+Z7NWGwdMn866bT4yXkTK5lpYl/adNevHJNjmiBhU6Y9jzImfuR+p35/dkioWQRrg1yhSEJgLrRvikgPfe3y+NzkbBB5XQWOl6T9C0q6/K4t0HEqh4nhvmAFW33YH0lUAvdUTUn49WTBYS3LTN4xjtJoBFwGU7m1GNP4Z/XInJlmNpkgWw+4DduG0yAPRtNVhKD4wp5+TJumyebf2Aih8I=', 'UPSTART_JOB': 'cfn-hup', 'CMD_DATA': 'https://elasticbeanstalk-us-east-1.s3.amazonaws.com/data/environments/04e95e2c-ed8c-4c51-860a-377568c007dc/3765de6f-21d8-4b68-a8c3-109a1196b599?X-Amz-Algorithm=AWS4-HMAC-SHA256&X-Amz-Date=20200325T214742Z&X-Amz-SignedHeaders=host&X-Amz-Expires=300&X-Amz-Credential=AKIAJOBAZGDDMSAZSDSQ%2F20200325%2Fus-east-1%2Fs3%2Faws4_request&X-Amz-Signature=15aa45db489b642aa62438c8b1480b3ddcb9266c0af1fd0a4fc2aa29c70e24f7', 'UPSTART_INSTANCE': '', 'PWD': '/', 'PATH': '/usr/local/sbin:/usr/local/bin:/usr/bin:/usr/sbin:/sbin:/bin', 'CMD_NAME': 'ElasticBeanstalkCommand-AWSEBAutoScalingGroup', 'RESULT_QUEUE': 'https://sqs.us-east-1.amazonaws.com/668920780829/results', 'DISPATCHER_ID': 'arn:aws:cloudformation:us-east-1:973590021417:dispatcher/awseb-e-zy8qehshrv-stack/624ca97c-36aa-4f12-9997-909f4872552b', 'EVENT_HANDLE': 'https://cfn-command-events-useast1.s3.us-east-1.amazonaws.com/d0b3a03c758eb0dc4dfd60ee24e50e7ac1d7508b4e8c9cbdfe86ba77546986e4?X-Amz-Algorithm=AWS4-HMAC-SHA256&X-Amz-Date=20200325T214742Z&X-Amz-SignedHeaders=host&X-Amz-Expires=3719&X-Amz-Credential=AKIAI5VMU34ANEXDDPWQ%2F20200325%2Fus-east-1%2Fs3%2Faws4_request&X-Amz-Signature=2e0376f00d67badb3c9effeb062a595ecf61bedd13d0250b44e176898068e8f7', '_': '/opt/aws/bin/cfn-hup', 'INVOCATION_ID': '414df67c-6c47-488e-8bca-39a568bf210d'}
2020-03-25 21:47:44,142 [DEBUG] Action for aws-eb-command-handler output: {"status":"SUCCESS","api_version":"1.0","results":[{"status":"SUCCESS","msg":"","returncode":0,"events":[{"msg":"[Instance: i-086294e0af6373aac] Successfully finished tailing 13 log(s)","severity":"INFO","timestamp":1585172864118}]}]}
2020-03-25 21:47:44,143 [INFO] Action for aws-eb-command-handler succeeded, returning SUCCESS
2020-03-25 21:47:44,143 [DEBUG] Sending {"Status": "SUCCESS", "DispatcherId": "arn:aws:cloudformation:us-east-1:973590021417:dispatcher/awseb-e-zy8qehshrv-stack/624ca97c-36aa-4f12-9997-909f4872552b", "ListenerId": "i-086294e0af6373aac", "CommandName": "ElasticBeanstalkCommand-AWSEBAutoScalingGroup", "InvocationId": "414df67c-6c47-488e-8bca-39a568bf210d", "Data": "{\"status\":\"SUCCESS\",\"api_version\":\"1.0\",\"results\":[{\"status\":\"SUCCESS\",\"msg\":\"\",\"returncode\":0,\"events\":[{\"msg\":\"[Instance: i-086294e0af6373aac] Successfully finished tailing 13 log(s)\",\"severity\":\"INFO\",\"timestamp\":1585172864118}]}]}"} to queue https://sqs.us-east-1.amazonaws.com/668920780829/results
2020-03-25 21:47:44,212 [DEBUG] Deleting AQEBKcfJmwfIECpzdXwnLpTyzftOrLsX+5f4Mwo/p508xfWULPldNDmQrOd0f7uz+WK6bU8e0uHHRSXS5nlkXYE9tEAFvkv+3QAIUh1gn/49pocau/iOdFcx7qbhBJC3YKY+FUjcgJq7XVB9IvIUxs4syHjV98fsys3/O0yl1env5444j8QxJwhKcZ/naLIacv6kxat8IMnoPcZRwdATdxSGJ2ULYA2PfTo5olvWYqsdKaqZNfhqZ2BXuGe5f3yPID73mhxKUv0MKuP/0pvSybUaUJkUdpb782bvqIhM1o/HmbYQhhXYeaDN4bH40x57+YFtZa1UBODe45SpoNlReuie269r4H33EBJ/ORe/tHxLyfwixSNonHb73yC8H84HB7MLIMiV4QAR4T19KlyaLig4ZIqqpTYgDsnL+YMqc/xRlYqcMQp5CKgqNdSu5F5R/jnAHigrLTr2XPSUjXmNeOaUMw== from queue https://sqs.us-east-1.amazonaws.com/668920780829/29b43a297d73e1e0307bee9c10447f1956724d99cbfd59224bd0ff760e8afaab
2020-03-25 21:47:44,244 [DEBUG] Receiving messages for queue https://sqs.us-east-1.amazonaws.com/668920780829/29b43a297d73e1e0307bee9c10447f1956724d99cbfd59224bd0ff760e8afaab
2020-03-25 21:48:04,271 [DEBUG] Receiving messages for queue https://sqs.us-east-1.amazonaws.com/668920780829/29b43a297d73e1e0307bee9c10447f1956724d99cbfd59224bd0ff760e8afaab
2020-03-25 21:48:24,301 [DEBUG] Receiving messages for queue https://sqs.us-east-1.amazonaws.com/668920780829/29b43a297d73e1e0307bee9c10447f1956724d99cbfd59224bd0ff760e8afaab
2020-03-25 21:48:44,333 [DEBUG] Receiving messages for queue https://sqs.us-east-1.amazonaws.com/668920780829/29b43a297d73e1e0307bee9c10447f1956724d99cbfd59224bd0ff760e8afaab
2020-03-25 21:49:04,405 [DEBUG] Receiving messages for queue https://sqs.us-east-1.amazonaws.com/668920780829/29b43a297d73e1e0307bee9c10447f1956724d99cbfd59224bd0ff760e8afaab
2020-03-25 21:49:24,474 [DEBUG] Receiving messages for queue https://sqs.us-east-1.amazonaws.com/668920780829/29b43a297d73e1e0307bee9c10447f1956724d99cbfd59224bd0ff760e8afaab
2020-03-25 21:49:44,501 [INFO] command processing is alive.
2020-03-25 21:49:44,502 [DEBUG] Receiving messages for queue https://sqs.us-east-1.amazonaws.com/668920780829/29b43a297d73e1e0307bee9c10447f1956724d99cbfd59224bd0ff760e8afaab
2020-03-25 21:50:04,831 [DEBUG] Receiving messages for queue https://sqs.us-east-1.amazonaws.com/668920780829/29b43a297d73e1e0307bee9c10447f1956724d99cbfd59224bd0ff760e8afaab
2020-03-25 21:50:24,913 [DEBUG] Receiving messages for queue https://sqs.us-east-1.amazonaws.com/668920780829/29b43a297d73e1e0307bee9c10447f1956724d99cbfd59224bd0ff760e8afaab
2020-03-25 21:50:44,944 [DEBUG] Receiving messages for queue https://sqs.us-east-1.amazonaws.com/668920780829/29b43a297d73e1e0307bee9c10447f1956724d99cbfd59224bd0ff760e8afaab
2020-03-25 21:51:05,024 [DEBUG] Receiving messages for queue https://sqs.us-east-1.amazonaws.com/668920780829/29b43a297d73e1e0307bee9c10447f1956724d99cbfd59224bd0ff760e8afaab
2020-03-25 21:51:25,103 [DEBUG] Receiving messages for queue https://sqs.us-east-1.amazonaws.com/668920780829/29b43a297d73e1e0307bee9c10447f1956724d99cbfd59224bd0ff760e8afaab
2020-03-25 21:51:45,133 [DEBUG] Receiving messages for queue https://sqs.us-east-1.amazonaws.com/668920780829/29b43a297d73e1e0307bee9c10447f1956724d99cbfd59224bd0ff760e8afaab
2020-03-25 21:52:05,162 [DEBUG] Receiving messages for queue https://sqs.us-east-1.amazonaws.com/668920780829/29b43a297d73e1e0307bee9c10447f1956724d99cbfd59224bd0ff760e8afaab
2020-03-25 21:52:25,190 [DEBUG] Receiving messages for queue https://sqs.us-east-1.amazonaws.com/668920780829/29b43a297d73e1e0307bee9c10447f1956724d99cbfd59224bd0ff760e8afaab
2020-03-25 21:52:45,221 [DEBUG] Receiving messages for queue https://sqs.us-east-1.amazonaws.com/668920780829/29b43a297d73e1e0307bee9c10447f1956724d99cbfd59224bd0ff760e8afaab
2020-03-25 21:53:05,251 [DEBUG] Receiving messages for queue https://sqs.us-east-1.amazonaws.com/668920780829/29b43a297d73e1e0307bee9c10447f1956724d99cbfd59224bd0ff760e8afaab
2020-03-25 21:53:25,279 [DEBUG] Receiving messages for queue https://sqs.us-east-1.amazonaws.com/668920780829/29b43a297d73e1e0307bee9c10447f1956724d99cbfd59224bd0ff760e8afaab
2020-03-25 21:53:45,306 [DEBUG] Receiving messages for queue https://sqs.us-east-1.amazonaws.com/668920780829/29b43a297d73e1e0307bee9c10447f1956724d99cbfd59224bd0ff760e8afaab
2020-03-25 21:54:00,418 [DEBUG] Processing message: {'EventHandle': 'https://cfn-command-events-useast1.s3.us-east-1.amazonaws.com/53b13624f6dae632c09ef21d95a505d00cc2b155e59fb5e3340f6effb7e30326?X-Amz-Algorithm=AWS4-HMAC-SHA256&X-Amz-Date=20200325T215400Z&X-Amz-SignedHeaders=host&X-Amz-Expires=3719&X-Amz-Credential=AKIAI5VMU34ANEXDDPWQ%2F20200325%2Fus-east-1%2Fs3%2Faws4_request&X-Amz-Signature=b1de4146f73850fdec530895a9148ab81842294a55cb08846bb4618f688559ef', 'DispatcherId': 'arn:aws:cloudformation:us-east-1:973590021417:dispatcher/awseb-e-zy8qehshrv-stack/624ca97c-36aa-4f12-9997-909f4872552b', 'CommandName': 'ElasticBeanstalkCommand-AWSEBAutoScalingGroup', 'Expiration': 1585173360255, 'ResultQueue': 'https://sqs.us-east-1.amazonaws.com/668920780829/results', 'Data': 'https://elasticbeanstalk-us-east-1.s3.amazonaws.com/data/environments/04e95e2c-ed8c-4c51-860a-377568c007dc/d6b96dee-fc76-4fd7-b08a-26ee9d0b955d?X-Amz-Algorithm=AWS4-HMAC-SHA256&X-Amz-Date=20200325T215400Z&X-Amz-SignedHeaders=host&X-Amz-Expires=300&X-Amz-Credential=AKIAJOBAZGDDMSAZSDSQ%2F20200325%2Fus-east-1%2Fs3%2Faws4_request&X-Amz-Signature=2b43fb0f39e475030249e5263a4dd8b9e0493b2aa121879bffd7492bb50b3c6a', 'InvocationId': '42e7f217-21e8-4bf9-a745-37b2133e2c96'}
2020-03-25 21:54:00,418 [DEBUG] Command message: {'EventHandle': 'https://cfn-command-events-useast1.s3.us-east-1.amazonaws.com/53b13624f6dae632c09ef21d95a505d00cc2b155e59fb5e3340f6effb7e30326?X-Amz-Algorithm=AWS4-HMAC-SHA256&X-Amz-Date=20200325T215400Z&X-Amz-SignedHeaders=host&X-Amz-Expires=3719&X-Amz-Credential=AKIAI5VMU34ANEXDDPWQ%2F20200325%2Fus-east-1%2Fs3%2Faws4_request&X-Amz-Signature=b1de4146f73850fdec530895a9148ab81842294a55cb08846bb4618f688559ef', 'DispatcherId': 'arn:aws:cloudformation:us-east-1:973590021417:dispatcher/awseb-e-zy8qehshrv-stack/624ca97c-36aa-4f12-9997-909f4872552b', 'CommandName': 'ElasticBeanstalkCommand-AWSEBAutoScalingGroup', 'Expiration': 1585173360255, 'ResultQueue': 'https://sqs.us-east-1.amazonaws.com/668920780829/results', 'Data': 'https://elasticbeanstalk-us-east-1.s3.amazonaws.com/data/environments/04e95e2c-ed8c-4c51-860a-377568c007dc/d6b96dee-fc76-4fd7-b08a-26ee9d0b955d?X-Amz-Algorithm=AWS4-HMAC-SHA256&X-Amz-Date=20200325T215400Z&X-Amz-SignedHeaders=host&X-Amz-Expires=300&X-Amz-Credential=AKIAJOBAZGDDMSAZSDSQ%2F20200325%2Fus-east-1%2Fs3%2Faws4_request&X-Amz-Signature=2b43fb0f39e475030249e5263a4dd8b9e0493b2aa121879bffd7492bb50b3c6a', 'InvocationId': '42e7f217-21e8-4bf9-a745-37b2133e2c96'}
2020-03-25 21:54:00,418 [INFO] Received command ElasticBeanstalkCommand-AWSEBAutoScalingGroup (invocation id: 42e7f217-21e8-4bf9-a745-37b2133e2c96)
2020-03-25 21:54:00,418 [INFO] Running action for aws-eb-command-handler
2020-03-25 21:54:00,418 [DEBUG] Action environment: {'LANG': 'en_US.UTF-8', 'TERM': 'linux', 'LISTENER_ID': u'i-086294e0af6373aac', 'RESULT_SECRET_KEY': u'yyfI1fIkQQ6WGl3U7/60TXtzUOtVQ7gOlsXANi3e', 'SHLVL': '1', 'RESULT_ACCESS_KEY': u'ASIAZXPWJDAOYS7GXUGK', 'STACK_NAME': 'arn:aws:cloudformation:us-east-1:973590021417:stack/awseb-e-zy8qehshrv-stack/f8db6940-6ee0-11ea-a733-0ee829539650', 'RESULT_SESSION_TOKEN': u'IQoJb3JpZ2luX2VjEIb//////////wEaCXVzLWVhc3QtMSJHMEUCIFxFlkR3OH/VH7BB2biNRzcoj9TYd5AljqjP9WlvvBFgAiEAuSfPSzJytdT0sxpN+QJ2xDPEy7rQ8ObxP9mdH8Z8H7UqjgMIfxAAGgw2Njg5MjA3ODA4MjkiDJXQrpjjEMtL+pB3AirrAtaMRK6dii0nmJEpgM8TszdOFc950+95qHTY8vWkpn5b6EGcH7VDf52w54B5Z6DN2sAVu4FOKxfjxzwCVtNcHzuWyB0A7hrlCJ+m0BbYGklTEw8GEnon1g6fjh+8NsHlMyzJSPJk05KaD1we8NAiu3TvWklhaP0umcxv3UmETZWaleTWtr1iD5mAo+B2R99PIrOP7o8ITGhVz5uphqfMgcug1HrXYVblsKzV/JCwea4LOo8TT5SYUhawhm7iKZ6xgfxUdeaGlQX2MabOfZQ9aAU7MaaZAN9yKeDR/pqIMsHV9IE9iNyGVeh2GsBCGnHrUbXNzBjANgNuNmd9nZjgxcxrh9W+E2LfAfLWFPJWFtU1puhtgIYf5Wi/qJ2mmO/WiD6vcRqihvQlROhnT8DPEMs3PJWZ47ks5sraLmkGIwU9kRx6XxzAcuIb87eKkVId/Lx8Yd2hXOOAPYHYIxS8HSs8WJhzrWtn6/TW+jCan+/zBTrfAfB+bVB1e0WDJ+HbXMdIGjV/gHZj9IsFH++Jx7KnxetIvbhKASwbr3Auu4Nq6lLohH0Z9R2FMJzDp9uRXT3na+Z7NWGwdMn866bT4yXkTK5lpYl/adNevHJNjmiBhU6Y9jzImfuR+p35/dkioWQRrg1yhSEJgLrRvikgPfe3y+NzkbBB5XQWOl6T9C0q6/K4t0HEqh4nhvmAFW33YH0lUAvdUTUn49WTBYS3LTN4xjtJoBFwGU7m1GNP4Z/XInJlmNpkgWw+4DduG0yAPRtNVhKD4wp5+TJumyebf2Aih8I=', 'UPSTART_JOB': 'cfn-hup', 'CMD_DATA': 'https://elasticbeanstalk-us-east-1.s3.amazonaws.com/data/environments/04e95e2c-ed8c-4c51-860a-377568c007dc/d6b96dee-fc76-4fd7-b08a-26ee9d0b955d?X-Amz-Algorithm=AWS4-HMAC-SHA256&X-Amz-Date=20200325T215400Z&X-Amz-SignedHeaders=host&X-Amz-Expires=300&X-Amz-Credential=AKIAJOBAZGDDMSAZSDSQ%2F20200325%2Fus-east-1%2Fs3%2Faws4_request&X-Amz-Signature=2b43fb0f39e475030249e5263a4dd8b9e0493b2aa121879bffd7492bb50b3c6a', 'UPSTART_INSTANCE': '', 'PWD': '/', 'PATH': '/usr/local/sbin:/usr/local/bin:/usr/bin:/usr/sbin:/sbin:/bin', 'CMD_NAME': 'ElasticBeanstalkCommand-AWSEBAutoScalingGroup', 'RESULT_QUEUE': 'https://sqs.us-east-1.amazonaws.com/668920780829/results', 'DISPATCHER_ID': 'arn:aws:cloudformation:us-east-1:973590021417:dispatcher/awseb-e-zy8qehshrv-stack/624ca97c-36aa-4f12-9997-909f4872552b', 'EVENT_HANDLE': 'https://cfn-command-events-useast1.s3.us-east-1.amazonaws.com/53b13624f6dae632c09ef21d95a505d00cc2b155e59fb5e3340f6effb7e30326?X-Amz-Algorithm=AWS4-HMAC-SHA256&X-Amz-Date=20200325T215400Z&X-Amz-SignedHeaders=host&X-Amz-Expires=3719&X-Amz-Credential=AKIAI5VMU34ANEXDDPWQ%2F20200325%2Fus-east-1%2Fs3%2Faws4_request&X-Amz-Signature=b1de4146f73850fdec530895a9148ab81842294a55cb08846bb4618f688559ef', '_': '/opt/aws/bin/cfn-hup', 'INVOCATION_ID': '42e7f217-21e8-4bf9-a745-37b2133e2c96'}
2020-03-25 21:56:25,063 [DEBUG] Action for aws-eb-command-handler output: {"status":"SUCCESS","api_version":"1.0","results":[{"status":"SUCCESS","msg":"","returncode":0,"events":[]}]}
2020-03-25 21:56:25,064 [INFO] Action for aws-eb-command-handler succeeded, returning SUCCESS
2020-03-25 21:56:25,069 [DEBUG] Sending {"Status": "SUCCESS", "DispatcherId": "arn:aws:cloudformation:us-east-1:973590021417:dispatcher/awseb-e-zy8qehshrv-stack/624ca97c-36aa-4f12-9997-909f4872552b", "ListenerId": "i-086294e0af6373aac", "CommandName": "ElasticBeanstalkCommand-AWSEBAutoScalingGroup", "InvocationId": "42e7f217-21e8-4bf9-a745-37b2133e2c96", "Data": "{\"status\":\"SUCCESS\",\"api_version\":\"1.0\",\"results\":[{\"status\":\"SUCCESS\",\"msg\":\"\",\"returncode\":0,\"events\":[]}]}"} to queue https://sqs.us-east-1.amazonaws.com/668920780829/results
2020-03-25 21:56:25,149 [DEBUG] Deleting AQEBIvd09E0zdATRnIg1OzVDkFxAT2Yvy8xQC15H4GDv7BPFtG0c4yAtP+dyhWbxP/ujRsm4C8A/4TKcRDGyH+lgniOHUKwr4mzcRLHFQWv7oznOe3D3lGeCH9TEcV2EKrvCP+4acX06CpsUAai/QHL6L18gXWc2AN+AXKn9WsXViTDgz1HT5i+0cXQk7h9FbKqVSymf0XNkkeqUsh3nWodyoCNAWwLLGZnXUWXAZNyCWUMfzlMghtwgpOiZa+P/NKV97OpWNQf6xo1DjfACN7fwvK9Shr9A8qxNi1P45DQEhuP3Qk69TcVA0bC+LWYgAH01NXrRnkG1jG/A2LTPbutEcJkr7LIvSgqgetyin/CpCf+qSvpdtLWp3en2J393ZK04TgU8bj9Etyug1SSaJblejeOl/69q3GazK3B39dz8VmM1UhyHC11Wx4X8MypCdQZjRGLuzJHlh/UJ9ztojVp73Q== from queue https://sqs.us-east-1.amazonaws.com/668920780829/29b43a297d73e1e0307bee9c10447f1956724d99cbfd59224bd0ff760e8afaab
2020-03-25 21:56:25,212 [INFO] command processing is alive.
2020-03-25 21:56:25,213 [DEBUG] Receiving messages for queue https://sqs.us-east-1.amazonaws.com/668920780829/29b43a297d73e1e0307bee9c10447f1956724d99cbfd59224bd0ff760e8afaab
2020-03-25 21:56:45,302 [DEBUG] Receiving messages for queue https://sqs.us-east-1.amazonaws.com/668920780829/29b43a297d73e1e0307bee9c10447f1956724d99cbfd59224bd0ff760e8afaab
2020-03-25 21:57:05,331 [DEBUG] Receiving messages for queue https://sqs.us-east-1.amazonaws.com/668920780829/29b43a297d73e1e0307bee9c10447f1956724d99cbfd59224bd0ff760e8afaab
2020-03-25 21:57:25,409 [DEBUG] Receiving messages for queue https://sqs.us-east-1.amazonaws.com/668920780829/29b43a297d73e1e0307bee9c10447f1956724d99cbfd59224bd0ff760e8afaab
2020-03-25 21:57:45,439 [DEBUG] Receiving messages for queue https://sqs.us-east-1.amazonaws.com/668920780829/29b43a297d73e1e0307bee9c10447f1956724d99cbfd59224bd0ff760e8afaab
2020-03-25 21:58:05,475 [DEBUG] Receiving messages for queue https://sqs.us-east-1.amazonaws.com/668920780829/29b43a297d73e1e0307bee9c10447f1956724d99cbfd59224bd0ff760e8afaab
2020-03-25 21:58:25,501 [DEBUG] Receiving messages for queue https://sqs.us-east-1.amazonaws.com/668920780829/29b43a297d73e1e0307bee9c10447f1956724d99cbfd59224bd0ff760e8afaab
2020-03-25 21:58:45,533 [DEBUG] Receiving messages for queue https://sqs.us-east-1.amazonaws.com/668920780829/29b43a297d73e1e0307bee9c10447f1956724d99cbfd59224bd0ff760e8afaab
2020-03-25 21:59:06,012 [DEBUG] Receiving messages for queue https://sqs.us-east-1.amazonaws.com/668920780829/29b43a297d73e1e0307bee9c10447f1956724d99cbfd59224bd0ff760e8afaab
2020-03-25 21:59:26,042 [DEBUG] Receiving messages for queue https://sqs.us-east-1.amazonaws.com/668920780829/29b43a297d73e1e0307bee9c10447f1956724d99cbfd59224bd0ff760e8afaab
2020-03-25 21:59:46,124 [DEBUG] Receiving messages for queue https://sqs.us-east-1.amazonaws.com/668920780829/29b43a297d73e1e0307bee9c10447f1956724d99cbfd59224bd0ff760e8afaab
2020-03-25 22:00:06,154 [DEBUG] Receiving messages for queue https://sqs.us-east-1.amazonaws.com/668920780829/29b43a297d73e1e0307bee9c10447f1956724d99cbfd59224bd0ff760e8afaab
2020-03-25 22:00:26,183 [DEBUG] Receiving messages for queue https://sqs.us-east-1.amazonaws.com/668920780829/29b43a297d73e1e0307bee9c10447f1956724d99cbfd59224bd0ff760e8afaab
2020-03-25 22:00:46,212 [DEBUG] Receiving messages for queue https://sqs.us-east-1.amazonaws.com/668920780829/29b43a297d73e1e0307bee9c10447f1956724d99cbfd59224bd0ff760e8afaab
2020-03-25 22:01:06,289 [DEBUG] Receiving messages for queue https://sqs.us-east-1.amazonaws.com/668920780829/29b43a297d73e1e0307bee9c10447f1956724d99cbfd59224bd0ff760e8afaab
2020-03-25 22:01:26,359 [INFO] command processing is alive.
2020-03-25 22:01:26,360 [DEBUG] Receiving messages for queue https://sqs.us-east-1.amazonaws.com/668920780829/29b43a297d73e1e0307bee9c10447f1956724d99cbfd59224bd0ff760e8afaab
2020-03-25 22:01:46,427 [DEBUG] Receiving messages for queue https://sqs.us-east-1.amazonaws.com/668920780829/29b43a297d73e1e0307bee9c10447f1956724d99cbfd59224bd0ff760e8afaab
2020-03-25 22:02:06,500 [DEBUG] Receiving messages for queue https://sqs.us-east-1.amazonaws.com/668920780829/29b43a297d73e1e0307bee9c10447f1956724d99cbfd59224bd0ff760e8afaab
2020-03-25 22:02:26,567 [DEBUG] Receiving messages for queue https://sqs.us-east-1.amazonaws.com/668920780829/29b43a297d73e1e0307bee9c10447f1956724d99cbfd59224bd0ff760e8afaab
2020-03-25 22:02:46,636 [DEBUG] Receiving messages for queue https://sqs.us-east-1.amazonaws.com/668920780829/29b43a297d73e1e0307bee9c10447f1956724d99cbfd59224bd0ff760e8afaab
2020-03-25 22:03:06,705 [DEBUG] Receiving messages for queue https://sqs.us-east-1.amazonaws.com/668920780829/29b43a297d73e1e0307bee9c10447f1956724d99cbfd59224bd0ff760e8afaab
2020-03-25 22:03:26,775 [DEBUG] Receiving messages for queue https://sqs.us-east-1.amazonaws.com/668920780829/29b43a297d73e1e0307bee9c10447f1956724d99cbfd59224bd0ff760e8afaab
2020-03-25 22:03:46,846 [DEBUG] Receiving messages for queue https://sqs.us-east-1.amazonaws.com/668920780829/29b43a297d73e1e0307bee9c10447f1956724d99cbfd59224bd0ff760e8afaab
2020-03-25 22:04:06,916 [DEBUG] Receiving messages for queue https://sqs.us-east-1.amazonaws.com/668920780829/29b43a297d73e1e0307bee9c10447f1956724d99cbfd59224bd0ff760e8afaab
2020-03-25 22:04:26,985 [DEBUG] Receiving messages for queue https://sqs.us-east-1.amazonaws.com/668920780829/29b43a297d73e1e0307bee9c10447f1956724d99cbfd59224bd0ff760e8afaab
2020-03-25 22:04:47,057 [DEBUG] Receiving messages for queue https://sqs.us-east-1.amazonaws.com/668920780829/29b43a297d73e1e0307bee9c10447f1956724d99cbfd59224bd0ff760e8afaab
2020-03-25 22:05:07,127 [DEBUG] Receiving messages for queue https://sqs.us-east-1.amazonaws.com/668920780829/29b43a297d73e1e0307bee9c10447f1956724d99cbfd59224bd0ff760e8afaab
2020-03-25 22:05:27,198 [DEBUG] Receiving messages for queue https://sqs.us-east-1.amazonaws.com/668920780829/29b43a297d73e1e0307bee9c10447f1956724d99cbfd59224bd0ff760e8afaab
2020-03-25 22:05:47,275 [DEBUG] Receiving messages for queue https://sqs.us-east-1.amazonaws.com/668920780829/29b43a297d73e1e0307bee9c10447f1956724d99cbfd59224bd0ff760e8afaab
2020-03-25 22:06:07,345 [DEBUG] Receiving messages for queue https://sqs.us-east-1.amazonaws.com/668920780829/29b43a297d73e1e0307bee9c10447f1956724d99cbfd59224bd0ff760e8afaab
2020-03-25 22:06:27,414 [INFO] command processing is alive.
2020-03-25 22:06:27,415 [DEBUG] Receiving messages for queue https://sqs.us-east-1.amazonaws.com/668920780829/29b43a297d73e1e0307bee9c10447f1956724d99cbfd59224bd0ff760e8afaab
2020-03-25 22:06:47,487 [DEBUG] Receiving messages for queue https://sqs.us-east-1.amazonaws.com/668920780829/29b43a297d73e1e0307bee9c10447f1956724d99cbfd59224bd0ff760e8afaab
2020-03-25 22:07:07,558 [DEBUG] Receiving messages for queue https://sqs.us-east-1.amazonaws.com/668920780829/29b43a297d73e1e0307bee9c10447f1956724d99cbfd59224bd0ff760e8afaab
2020-03-25 22:07:27,627 [DEBUG] Receiving messages for queue https://sqs.us-east-1.amazonaws.com/668920780829/29b43a297d73e1e0307bee9c10447f1956724d99cbfd59224bd0ff760e8afaab
2020-03-25 22:07:47,697 [DEBUG] Receiving messages for queue https://sqs.us-east-1.amazonaws.com/668920780829/29b43a297d73e1e0307bee9c10447f1956724d99cbfd59224bd0ff760e8afaab
2020-03-25 22:08:07,763 [DEBUG] Receiving messages for queue https://sqs.us-east-1.amazonaws.com/668920780829/29b43a297d73e1e0307bee9c10447f1956724d99cbfd59224bd0ff760e8afaab
2020-03-25 22:08:27,833 [DEBUG] Receiving messages for queue https://sqs.us-east-1.amazonaws.com/668920780829/29b43a297d73e1e0307bee9c10447f1956724d99cbfd59224bd0ff760e8afaab
2020-03-25 22:08:47,902 [DEBUG] Receiving messages for queue https://sqs.us-east-1.amazonaws.com/668920780829/29b43a297d73e1e0307bee9c10447f1956724d99cbfd59224bd0ff760e8afaab
2020-03-25 22:09:07,971 [DEBUG] Receiving messages for queue https://sqs.us-east-1.amazonaws.com/668920780829/29b43a297d73e1e0307bee9c10447f1956724d99cbfd59224bd0ff760e8afaab
2020-03-25 22:09:23,281 [DEBUG] Processing message: {'EventHandle': 'https://cfn-command-events-useast1.s3.us-east-1.amazonaws.com/06716e96f16e7caed41fa3b67f8c95158e1e84957f1964c081d55c90361139c2?X-Amz-Algorithm=AWS4-HMAC-SHA256&X-Amz-Date=20200325T220923Z&X-Amz-SignedHeaders=host&X-Amz-Expires=3719&X-Amz-Credential=AKIAI5VMU34ANEXDDPWQ%2F20200325%2Fus-east-1%2Fs3%2Faws4_request&X-Amz-Signature=eebeba4fff10ff2ba7d832043fba811899d2bf3b2c1532c278acb30cd4db924c', 'DispatcherId': 'arn:aws:cloudformation:us-east-1:973590021417:dispatcher/awseb-e-zy8qehshrv-stack/624ca97c-36aa-4f12-9997-909f4872552b', 'CommandName': 'ElasticBeanstalkCommand-AWSEBAutoScalingGroup', 'Expiration': 1585174283129, 'ResultQueue': 'https://sqs.us-east-1.amazonaws.com/668920780829/results', 'Data': 'https://elasticbeanstalk-us-east-1.s3.amazonaws.com/data/environments/04e95e2c-ed8c-4c51-860a-377568c007dc/503b789d-d446-41ed-ac4d-30bae539951f?X-Amz-Algorithm=AWS4-HMAC-SHA256&X-Amz-Date=20200325T220923Z&X-Amz-SignedHeaders=host&X-Amz-Expires=300&X-Amz-Credential=AKIAJOBAZGDDMSAZSDSQ%2F20200325%2Fus-east-1%2Fs3%2Faws4_request&X-Amz-Signature=451833712112272e73fa0e50e01a944d5389b1eb02702d9b3607042778c6b4c8', 'InvocationId': 'fda65ab0-2804-40a9-954e-54ae19e2ebc3'}
2020-03-25 22:09:23,281 [DEBUG] Command message: {'EventHandle': 'https://cfn-command-events-useast1.s3.us-east-1.amazonaws.com/06716e96f16e7caed41fa3b67f8c95158e1e84957f1964c081d55c90361139c2?X-Amz-Algorithm=AWS4-HMAC-SHA256&X-Amz-Date=20200325T220923Z&X-Amz-SignedHeaders=host&X-Amz-Expires=3719&X-Amz-Credential=AKIAI5VMU34ANEXDDPWQ%2F20200325%2Fus-east-1%2Fs3%2Faws4_request&X-Amz-Signature=eebeba4fff10ff2ba7d832043fba811899d2bf3b2c1532c278acb30cd4db924c', 'DispatcherId': 'arn:aws:cloudformation:us-east-1:973590021417:dispatcher/awseb-e-zy8qehshrv-stack/624ca97c-36aa-4f12-9997-909f4872552b', 'CommandName': 'ElasticBeanstalkCommand-AWSEBAutoScalingGroup', 'Expiration': 1585174283129, 'ResultQueue': 'https://sqs.us-east-1.amazonaws.com/668920780829/results', 'Data': 'https://elasticbeanstalk-us-east-1.s3.amazonaws.com/data/environments/04e95e2c-ed8c-4c51-860a-377568c007dc/503b789d-d446-41ed-ac4d-30bae539951f?X-Amz-Algorithm=AWS4-HMAC-SHA256&X-Amz-Date=20200325T220923Z&X-Amz-SignedHeaders=host&X-Amz-Expires=300&X-Amz-Credential=AKIAJOBAZGDDMSAZSDSQ%2F20200325%2Fus-east-1%2Fs3%2Faws4_request&X-Amz-Signature=451833712112272e73fa0e50e01a944d5389b1eb02702d9b3607042778c6b4c8', 'InvocationId': 'fda65ab0-2804-40a9-954e-54ae19e2ebc3'}
2020-03-25 22:09:23,281 [INFO] Received command ElasticBeanstalkCommand-AWSEBAutoScalingGroup (invocation id: fda65ab0-2804-40a9-954e-54ae19e2ebc3)
2020-03-25 22:09:23,281 [INFO] Running action for aws-eb-command-handler
2020-03-25 22:09:23,281 [DEBUG] Action environment: {'LANG': 'en_US.UTF-8', 'TERM': 'linux', 'LISTENER_ID': u'i-086294e0af6373aac', 'RESULT_SECRET_KEY': u'yyfI1fIkQQ6WGl3U7/60TXtzUOtVQ7gOlsXANi3e', 'SHLVL': '1', 'RESULT_ACCESS_KEY': u'ASIAZXPWJDAOYS7GXUGK', 'STACK_NAME': 'arn:aws:cloudformation:us-east-1:973590021417:stack/awseb-e-zy8qehshrv-stack/f8db6940-6ee0-11ea-a733-0ee829539650', 'RESULT_SESSION_TOKEN': u'IQoJb3JpZ2luX2VjEIb//////////wEaCXVzLWVhc3QtMSJHMEUCIFxFlkR3OH/VH7BB2biNRzcoj9TYd5AljqjP9WlvvBFgAiEAuSfPSzJytdT0sxpN+QJ2xDPEy7rQ8ObxP9mdH8Z8H7UqjgMIfxAAGgw2Njg5MjA3ODA4MjkiDJXQrpjjEMtL+pB3AirrAtaMRK6dii0nmJEpgM8TszdOFc950+95qHTY8vWkpn5b6EGcH7VDf52w54B5Z6DN2sAVu4FOKxfjxzwCVtNcHzuWyB0A7hrlCJ+m0BbYGklTEw8GEnon1g6fjh+8NsHlMyzJSPJk05KaD1we8NAiu3TvWklhaP0umcxv3UmETZWaleTWtr1iD5mAo+B2R99PIrOP7o8ITGhVz5uphqfMgcug1HrXYVblsKzV/JCwea4LOo8TT5SYUhawhm7iKZ6xgfxUdeaGlQX2MabOfZQ9aAU7MaaZAN9yKeDR/pqIMsHV9IE9iNyGVeh2GsBCGnHrUbXNzBjANgNuNmd9nZjgxcxrh9W+E2LfAfLWFPJWFtU1puhtgIYf5Wi/qJ2mmO/WiD6vcRqihvQlROhnT8DPEMs3PJWZ47ks5sraLmkGIwU9kRx6XxzAcuIb87eKkVId/Lx8Yd2hXOOAPYHYIxS8HSs8WJhzrWtn6/TW+jCan+/zBTrfAfB+bVB1e0WDJ+HbXMdIGjV/gHZj9IsFH++Jx7KnxetIvbhKASwbr3Auu4Nq6lLohH0Z9R2FMJzDp9uRXT3na+Z7NWGwdMn866bT4yXkTK5lpYl/adNevHJNjmiBhU6Y9jzImfuR+p35/dkioWQRrg1yhSEJgLrRvikgPfe3y+NzkbBB5XQWOl6T9C0q6/K4t0HEqh4nhvmAFW33YH0lUAvdUTUn49WTBYS3LTN4xjtJoBFwGU7m1GNP4Z/XInJlmNpkgWw+4DduG0yAPRtNVhKD4wp5+TJumyebf2Aih8I=', 'UPSTART_JOB': 'cfn-hup', 'CMD_DATA': 'https://elasticbeanstalk-us-east-1.s3.amazonaws.com/data/environments/04e95e2c-ed8c-4c51-860a-377568c007dc/503b789d-d446-41ed-ac4d-30bae539951f?X-Amz-Algorithm=AWS4-HMAC-SHA256&X-Amz-Date=20200325T220923Z&X-Amz-SignedHeaders=host&X-Amz-Expires=300&X-Amz-Credential=AKIAJOBAZGDDMSAZSDSQ%2F20200325%2Fus-east-1%2Fs3%2Faws4_request&X-Amz-Signature=451833712112272e73fa0e50e01a944d5389b1eb02702d9b3607042778c6b4c8', 'UPSTART_INSTANCE': '', 'PWD': '/', 'PATH': '/usr/local/sbin:/usr/local/bin:/usr/bin:/usr/sbin:/sbin:/bin', 'CMD_NAME': 'ElasticBeanstalkCommand-AWSEBAutoScalingGroup', 'RESULT_QUEUE': 'https://sqs.us-east-1.amazonaws.com/668920780829/results', 'DISPATCHER_ID': 'arn:aws:cloudformation:us-east-1:973590021417:dispatcher/awseb-e-zy8qehshrv-stack/624ca97c-36aa-4f12-9997-909f4872552b', 'EVENT_HANDLE': 'https://cfn-command-events-useast1.s3.us-east-1.amazonaws.com/06716e96f16e7caed41fa3b67f8c95158e1e84957f1964c081d55c90361139c2?X-Amz-Algorithm=AWS4-HMAC-SHA256&X-Amz-Date=20200325T220923Z&X-Amz-SignedHeaders=host&X-Amz-Expires=3719&X-Amz-Credential=AKIAI5VMU34ANEXDDPWQ%2F20200325%2Fus-east-1%2Fs3%2Faws4_request&X-Amz-Signature=eebeba4fff10ff2ba7d832043fba811899d2bf3b2c1532c278acb30cd4db924c', '_': '/opt/aws/bin/cfn-hup', 'INVOCATION_ID': 'fda65ab0-2804-40a9-954e-54ae19e2ebc3'}
