[2020-03-25T21:39:33Z] Started EB User Data
+ SLEEP_TIME=10
+ SLEEP_TIME_MAX=3600
+ true
+ curl https://s3.dualstack.us-east-1.amazonaws.com/elasticbeanstalk-env-resources-us-east-1/stalks/eb_tomcat_4.0.1.202796.0_1582662329/lib/UserDataScript.sh
  % Total    % Received % Xferd  Average Speed   Time    Time     Time  Current
                                 Dload  Upload   Total   Spent    Left  Speed
  0     0    0     0    0     0      0      0 --:--:-- --:--:-- --:--:--     0100 12536  100 12536    0     0   153k      0 --:--:-- --:--:-- --:--:--  153k
+ RESULT=0
+ [[ 0 -ne 0 ]]
+ /bin/bash /tmp/ebbootstrap.sh https://s3.dualstack.us-east-1.amazonaws.com/elasticbeanstalk-env-resources-us-east-1/stalks/eb_tomcat_4.0.1.202796.0_1582662329/lib/aws-elasticbeanstalk-tools-1.20-1.noarch.rpm 'https://s3.dualstack.us-east-1.amazonaws.com/elasticbeanstalk-env-resources-us-east-1/stalks/eb_tomcat_4.0.1.202796.0_1582662329/lib/awseb-ruby-2.2.4-x86_64-20160503_1008.tar.gz https://s3.dualstack.us-east-1.amazonaws.com/elasticbeanstalk-env-resources-us-east-1/stalks/eb_tomcat_4.0.1.202796.0_1582662329/lib/basehooks.tar.gz' 'https://s3.dualstack.us-east-1.amazonaws.com/elasticbeanstalk-env-resources-us-east-1/stalks/eb_tomcat_4.0.1.202796.0_1582662329/lib/beanstalk-core-2.12.gem https://s3.dualstack.us-east-1.amazonaws.com/elasticbeanstalk-env-resources-us-east-1/stalks/eb_tomcat_4.0.1.202796.0_1582662329/lib/beanstalk-core-healthd-1.1.gem https://s3.dualstack.us-east-1.amazonaws.com/elasticbeanstalk-env-resources-us-east-1/stalks/eb_tomcat_4.0.1.202796.0_1582662329/lib/executor-1.2.gem' 'https://cloudformation-waitcondition-us-east-1.s3.amazonaws.com/arn%3Aaws%3Acloudformation%3Aus-east-1%3A973590021417%3Astack/awseb-e-zy8qehshrv-stack/f8db6940-6ee0-11ea-a733-0ee829539650/AWSEBInstanceLaunchWaitHandle?X-Amz-Algorithm=AWS4-HMAC-SHA256&X-Amz-Date=20200325T213838Z&X-Amz-SignedHeaders=host&X-Amz-Expires=86399&X-Amz-Credential=AKIAIIT3CWAIMJYUTISA%2F20200325%2Fus-east-1%2Fs3%2Faws4_request&X-Amz-Signature=df8f957c4c10a04d1a6f16e87d425578beba0dfa52ceca06556c6fdaac271d0a' arn:aws:cloudformation:us-east-1:973590021417:stack/awseb-e-zy8qehshrv-stack/f8db6940-6ee0-11ea-a733-0ee829539650 us-east-1 0bccf2da5f2f 0dd65a87-4d6b-49b3-83c0-ab53761e85ba '' apache ''
[2020-03-25T21:39:33.870Z] Started EB Bootstrapping Script.
[2020-03-25T21:39:33.872Z] Received parameters:
 RPMS = https://s3.dualstack.us-east-1.amazonaws.com/elasticbeanstalk-env-resources-us-east-1/stalks/eb_tomcat_4.0.1.202796.0_1582662329/lib/aws-elasticbeanstalk-tools-1.20-1.noarch.rpm
 TARBALLS = https://s3.dualstack.us-east-1.amazonaws.com/elasticbeanstalk-env-resources-us-east-1/stalks/eb_tomcat_4.0.1.202796.0_1582662329/lib/awseb-ruby-2.2.4-x86_64-20160503_1008.tar.gz https://s3.dualstack.us-east-1.amazonaws.com/elasticbeanstalk-env-resources-us-east-1/stalks/eb_tomcat_4.0.1.202796.0_1582662329/lib/basehooks.tar.gz
 EB_GEMS = https://s3.dualstack.us-east-1.amazonaws.com/elasticbeanstalk-env-resources-us-east-1/stalks/eb_tomcat_4.0.1.202796.0_1582662329/lib/beanstalk-core-2.12.gem https://s3.dualstack.us-east-1.amazonaws.com/elasticbeanstalk-env-resources-us-east-1/stalks/eb_tomcat_4.0.1.202796.0_1582662329/lib/beanstalk-core-healthd-1.1.gem https://s3.dualstack.us-east-1.amazonaws.com/elasticbeanstalk-env-resources-us-east-1/stalks/eb_tomcat_4.0.1.202796.0_1582662329/lib/executor-1.2.gem
 SIGNAL_URL = https://cloudformation-waitcondition-us-east-1.s3.amazonaws.com/arn%3Aaws%3Acloudformation%3Aus-east-1%3A973590021417%3Astack/awseb-e-zy8qehshrv-stack/f8db6940-6ee0-11ea-a733-0ee829539650/AWSEBInstanceLaunchWaitHandle?X-Amz-Algorithm=AWS4-HMAC-SHA256&X-Amz-Date=20200325T213838Z&X-Amz-SignedHeaders=host&X-Amz-Expires=86399&X-Amz-Credential=AKIAIIT3CWAIMJYUTISA%2F20200325%2Fus-east-1%2Fs3%2Faws4_request&X-Amz-Signature=df8f957c4c10a04d1a6f16e87d425578beba0dfa52ceca06556c6fdaac271d0a
 STACK_ID = arn:aws:cloudformation:us-east-1:973590021417:stack/awseb-e-zy8qehshrv-stack/f8db6940-6ee0-11ea-a733-0ee829539650
 REGION = us-east-1
 GUID = 0bccf2da5f2f
 HEALTHD_GROUP_ID = 0dd65a87-4d6b-49b3-83c0-ab53761e85ba
 HEALTHD_ENDPOINT = 
 PROXY_SERVER = apache
 HEALTHD_PROXY_LOG_LOCATION =
[2020-03-25T21:39:33.876Z] Synchronizing network time in background.
[2020-03-25T21:39:33.879Z] yum repo has already been locked to 0bccf2da5f2f.
[2020-03-25T21:39:33.881Z] yum update has already been done.
Shutting down ntpd: [2020-03-25T21:39:33.917Z] Completed creating AWS EB users and groups.
[2020-03-25T21:39:33.919Z] Started executing install_rpms https://s3.dualstack.us-east-1.amazonaws.com/elasticbeanstalk-env-resources-us-east-1/stalks/eb_tomcat_4.0.1.202796.0_1582662329/lib/aws-elasticbeanstalk-tools-1.20-1.noarch.rpm.
[2020-03-25T21:39:33.921Z] Installing RPM: https://s3.dualstack.us-east-1.amazonaws.com/elasticbeanstalk-env-resources-us-east-1/stalks/eb_tomcat_4.0.1.202796.0_1582662329/lib/aws-elasticbeanstalk-tools-1.20-1.noarch.rpm.
[2020-03-25T21:39:34.013Z] aws-elasticbeanstalk-tools-1.20-1.noarch has already been installed. Skip installing.
[  OK  ]
[2020-03-25T21:39:34.017Z] Command Returned: 
[2020-03-25T21:39:34.021Z] Completed executing install_rpms.
[2020-03-25T21:39:34.024Z] Started executing install_tarballs https://s3.dualstack.us-east-1.amazonaws.com/elasticbeanstalk-env-resources-us-east-1/stalks/eb_tomcat_4.0.1.202796.0_1582662329/lib/awseb-ruby-2.2.4-x86_64-20160503_1008.tar.gz https://s3.dualstack.us-east-1.amazonaws.com/elasticbeanstalk-env-resources-us-east-1/stalks/eb_tomcat_4.0.1.202796.0_1582662329/lib/basehooks.tar.gz.
[2020-03-25T21:39:34.032Z] Installing tarball: https://s3.dualstack.us-east-1.amazonaws.com/elasticbeanstalk-env-resources-us-east-1/stalks/eb_tomcat_4.0.1.202796.0_1582662329/lib/awseb-ruby-2.2.4-x86_64-20160503_1008.tar.gz.
[2020-03-25T21:39:34.034Z] awseb-ruby-2.2.4-x86_64-20160503_1008.tar.gz has already been installed. Skip installing.
[2020-03-25T21:39:34.036Z] Installing tarball: https://s3.dualstack.us-east-1.amazonaws.com/elasticbeanstalk-env-resources-us-east-1/stalks/eb_tomcat_4.0.1.202796.0_1582662329/lib/basehooks.tar.gz.
[2020-03-25T21:39:34.089Z] Command Returned: 

2020-03-25 21:39:34 URL:https://s3.dualstack.us-east-1.amazonaws.com/elasticbeanstalk-env-resources-us-east-1/stalks/eb_tomcat_4.0.1.202796.0_1582662329/lib/basehooks.tar.gz [5851/5851] -> "/tmp/basehooks.tar.gz" [1]
[2020-03-25T21:39:34.096Z] Completed executing install_tarballs.
[2020-03-25T21:39:34.099Z] Started executing install_eb_gems https://s3.dualstack.us-east-1.amazonaws.com/elasticbeanstalk-env-resources-us-east-1/stalks/eb_tomcat_4.0.1.202796.0_1582662329/lib/beanstalk-core-2.12.gem https://s3.dualstack.us-east-1.amazonaws.com/elasticbeanstalk-env-resources-us-east-1/stalks/eb_tomcat_4.0.1.202796.0_1582662329/lib/beanstalk-core-healthd-1.1.gem https://s3.dualstack.us-east-1.amazonaws.com/elasticbeanstalk-env-resources-us-east-1/stalks/eb_tomcat_4.0.1.202796.0_1582662329/lib/executor-1.2.gem.
[2020-03-25T21:39:34.134Z] Installing EB Gem: https://s3.dualstack.us-east-1.amazonaws.com/elasticbeanstalk-env-resources-us-east-1/stalks/eb_tomcat_4.0.1.202796.0_1582662329/lib/beanstalk-core-2.12.gem.
[2020-03-25T21:39:34.654Z] beanstalk-core-2.12 has already been installed. Skip installing.
[2020-03-25T21:39:34.658Z] Installing EB Gem: https://s3.dualstack.us-east-1.amazonaws.com/elasticbeanstalk-env-resources-us-east-1/stalks/eb_tomcat_4.0.1.202796.0_1582662329/lib/beanstalk-core-healthd-1.1.gem.
[2020-03-25T21:39:34.795Z] beanstalk-core-healthd-1.1 has already been installed. Skip installing.
[2020-03-25T21:39:34.799Z] Installing EB Gem: https://s3.dualstack.us-east-1.amazonaws.com/elasticbeanstalk-env-resources-us-east-1/stalks/eb_tomcat_4.0.1.202796.0_1582662329/lib/executor-1.2.gem.
[2020-03-25T21:39:34.933Z] executor-1.2 has already been installed. Skip installing.
[2020-03-25T21:39:34.937Z] Command Returned: 
[2020-03-25T21:39:34.940Z] Completed executing install_eb_gems.
[2020-03-25T21:39:34.943Z] Starting healthd
initctl: Unknown instance: 
healthd start/running, process 2132
[2020-03-25T21:39:35.097Z] First init of instance.
[2020-03-25T21:39:35.101Z] Started executing cfn_init _OnInstanceBoot first_init.
[2020-03-25T21:39:35.105Z] Running cfn-init ConfigSet: _OnInstanceBoot.
[2020-03-25T21:39:35.870Z] Command Returned: 
[2020-03-25T21:39:35.873Z] Completed executing cfn_init.
[2020-03-25T21:39:35.936Z] Check whether controlled by launch workflow...
[2020-03-25T21:39:36.488Z] Worflow running.
[2020-03-25T21:39:36.489Z] Workflow controlled instance. Running container provisioning...
[2020-03-25T21:39:36.493Z] Started executing start_cfn_hup.
[2020-03-25T21:39:36.496Z] Starting cfn-hup.
[2020-03-25T21:39:36.501Z] Command Returned: cfn-hup start/running, process 2211
[2020-03-25T21:39:36.505Z] Completed executing start_cfn_hup.
[2020-03-25T21:39:36.508Z] Started executing run_eb_command { "api_version" : "1.0", "request_id": "0", "command_name": "CMD-PreInit" } .
[2020-03-25T21:39:36.514Z] Running EB Command: { "api_version" : "1.0", "request_id": "0", "command_name": "CMD-PreInit" } .
[2020-03-25T21:39:41.118Z] Command Returned: {"status":"SUCCESS","api_version":"1.0","results":[{"status":"SUCCESS","msg":"","returncode":0,"events":[]}]}
[2020-03-25T21:39:41.123Z] Completed executing run_eb_command.
[2020-03-25T21:39:41.126Z] Successfully bootstrapped instance.
[2020-03-25T21:39:41.201Z] Sending signal 0 to CFN wait condition https://cloudformation-waitcondition-us-east-1.s3.amazonaws.com/arn%3Aaws%3Acloudformation%3Aus-east-1%3A973590021417%3Astack/awseb-e-zy8qehshrv-stack/f8db6940-6ee0-11ea-a733-0ee829539650/AWSEBInstanceLaunchWaitHandle?X-Amz-Algorithm=AWS4-HMAC-SHA256&X-Amz-Date=20200325T213838Z&X-Amz-SignedHeaders=host&X-Amz-Expires=86399&X-Amz-Credential=AKIAIIT3CWAIMJYUTISA%2F20200325%2Fus-east-1%2Fs3%2Faws4_request&X-Amz-Signature=df8f957c4c10a04d1a6f16e87d425578beba0dfa52ceca06556c6fdaac271d0a
CloudFormation signaled successfully with SUCCESS.
[2020-03-25T21:39:41.492Z] Tailing /var/log/eb-commandprocessor.log

******************* eb-commandprocessor taillog *******************
[2020-03-25T21:39:36.701Z] DEBUG [2221]  : Reading config file: /etc/elasticbeanstalk/.aws-eb-stack.properties
[2020-03-25T21:39:36.701Z] DEBUG [2221]  : Checking if the command processor should execute...
[2020-03-25T21:39:36.703Z] DEBUG [2221]  : Checking whether the command is applicable to instance (i-086294e0af6373aac)..
[2020-03-25T21:39:36.703Z] INFO  [2221]  : Command is applicable to this instance (i-086294e0af6373aac)..
[2020-03-25T21:39:36.703Z] DEBUG [2221]  : Checking if the received command stage is valid..
[2020-03-25T21:39:36.703Z] INFO  [2221]  : No stage_num in command. Valid stage..
[2020-03-25T21:39:36.703Z] INFO  [2221]  : Received command CMD-PreInit: {"api_version"=>"1.0", "request_id"=>"0", "command_name"=>"CMD-PreInit"}
[2020-03-25T21:39:36.703Z] INFO  [2221]  : Command processor should execute command.
[2020-03-25T21:39:36.703Z] DEBUG [2221]  : Storing current stage..
[2020-03-25T21:39:36.703Z] DEBUG [2221]  : Stage_num does not exist. Not saving null stage. Returning..
[2020-03-25T21:39:36.703Z] DEBUG [2221]  : Reading config file: /etc/elasticbeanstalk/.aws-eb-stack.properties
[2020-03-25T21:39:36.703Z] DEBUG [2221]  : Retrieving metadata for key: AWS::ElasticBeanstalk::Ext||_ContainerConfigFileContent||commands..
[2020-03-25T21:39:36.704Z] DEBUG [2221]  : Retrieving metadata for key: AWS::ElasticBeanstalk::Ext||_API||_Commands..
[2020-03-25T21:39:36.705Z] INFO  [2221]  : Found enabled addons: ["logpublish", "logstreaming"].
[2020-03-25T21:39:36.706Z] INFO  [2221]  : Updating Command definition of addon logpublish.
[2020-03-25T21:39:36.706Z] INFO  [2221]  : Updating Command definition of addon logstreaming.
[2020-03-25T21:39:36.706Z] DEBUG [2221]  : Refreshing metadata...
[2020-03-25T21:39:36.707Z] DEBUG [2221]  : Using cached environment metadata.
[2020-03-25T21:39:36.707Z] INFO  [2221]  : Recreated directory /opt/elasticbeanstalk/deploy/configuration/.
[2020-03-25T21:39:36.707Z] DEBUG [2221]  : Retrieving metadata for key: AWS::ElasticBeanstalk::Ext||_AppSourceUrlFileContent||url..
[2020-03-25T21:39:36.708Z] INFO  [2221]  : Created appsource url file at /opt/elasticbeanstalk/deploy/configuration/appsourceurl.
[2020-03-25T21:39:36.708Z] DEBUG [2221]  : Retrieving metadata for key: AWS::ElasticBeanstalk::Ext||_ContainerConfigFileContent..
[2020-03-25T21:39:36.709Z] INFO  [2221]  : Created container config file at /opt/elasticbeanstalk/deploy/configuration/containerconfiguration.
[2020-03-25T21:39:36.709Z] DEBUG [2221]  : Retrieving metadata for key: AWS::ElasticBeanstalk::Ext||_ContainerConfigFileContent||commands..
[2020-03-25T21:39:36.710Z] DEBUG [2221]  : Retrieving metadata for key: AWS::ElasticBeanstalk::Ext||_API||_Commands..
[2020-03-25T21:39:36.711Z] INFO  [2221]  : Found enabled addons: ["logpublish", "logstreaming"].
[2020-03-25T21:39:36.712Z] INFO  [2221]  : Updating Command definition of addon logpublish.
[2020-03-25T21:39:36.712Z] INFO  [2221]  : Updating Command definition of addon logstreaming.
[2020-03-25T21:39:36.712Z] DEBUG [2221]  : Retrieving metadata for key: AWS::CloudFormation::Init||Infra-WriteApplication2||files..
[2020-03-25T21:39:36.713Z] DEBUG [2221]  : Retrieving metadata for key: AWS::ElasticBeanstalk::Ext||ManifestFileS3Key..
[2020-03-25T21:39:36.870Z] INFO  [2221]  : Finding latest manifest from bucket 'elasticbeanstalk-us-east-1-973590021417' with prefix 'resources/environments/e-zy8qehshrv/_runtime/versions/manifest_'.
[2020-03-25T21:39:36.965Z] INFO  [2221]  : Found manifest with key 'resources/environments/e-zy8qehshrv/_runtime/versions/manifest_1585172310908'.
[2020-03-25T21:39:36.979Z] INFO  [2221]  : Updated manifest cache: deployment ID 1 and serial 1.
[2020-03-25T21:39:36.979Z] DEBUG [2221]  : Loaded definition of Command CMD-PreInit.
[2020-03-25T21:39:36.980Z] INFO  [2221]  : Executing Initialization
[2020-03-25T21:39:36.980Z] INFO  [2221]  : Executing command: CMD-PreInit...
[2020-03-25T21:39:36.980Z] INFO  [2221]  : Executing command CMD-PreInit activities...
[2020-03-25T21:39:36.980Z] DEBUG [2221]  : Setting environment variables..
[2020-03-25T21:39:36.980Z] INFO  [2221]  : Running AddonsBefore for command CMD-PreInit...
[2020-03-25T21:39:39.308Z] DEBUG [2221]  : Running stages of Command CMD-PreInit from stage 0 to stage 0...
[2020-03-25T21:39:39.308Z] INFO  [2221]  : Running stage 0 of command CMD-PreInit...
[2020-03-25T21:39:39.308Z] DEBUG [2221]  : Loaded 2 actions for stage 0.
[2020-03-25T21:39:39.308Z] INFO  [2221]  : Running 1 of 2 actions: DownloadSourceBundle...
[2020-03-25T21:39:40.033Z] INFO  [2221]  : Running 2 of 2 actions: PreInitHook...
[2020-03-25T21:39:41.104Z] INFO  [2221]  : Running AddonsAfter for command CMD-PreInit...
[2020-03-25T21:39:41.104Z] INFO  [2221]  : Command CMD-PreInit succeeded!
[2020-03-25T21:39:41.105Z] INFO  [2221]  : Command processor returning results: 
{"status":"SUCCESS","api_version":"1.0","results":[{"status":"SUCCESS","msg":"","returncode":0,"events":[]}]}
******************* End of taillog *******************


[2020-03-25T21:39:41.498Z] Tailing /var/log/eb-activity.log

******************* eb-activity taillog *******************
  ++ /opt/elasticbeanstalk/bin/get-config container -k tomcat_version
  + TOMCAT_VERSION=8.5
  + '[' 8.5 == 8.5 ']'
  + TOMCAT_VERSION=8
  + TOMCAT_NAME=tomcat8
  + TOMCAT_HOME=/usr/share/tomcat8
  + TOMCAT_CONF_HOME=/etc/tomcat8
  + SET_LIMIT_SH=/etc/elasticbeanstalk/set-ulimit.sh
  + echo 'Patching Tomcat 8 startup scripts'
  Patching Tomcat 8 startup scripts
  + '[' -f /opt/elasticbeanstalk/containerfiles/tomcat-elasticbeanstalk ']'
  + echo 'Installing tomcat-elasticbeanstalk script'
  Installing tomcat-elasticbeanstalk script
  + /bin/mv /opt/elasticbeanstalk/containerfiles/tomcat-elasticbeanstalk /usr/sbin
  + /bin/chown root:root /usr/sbin/tomcat-elasticbeanstalk
  + /bin/chmod 755 /usr/sbin/tomcat-elasticbeanstalk
  + echo 'Fixing Tomcat 8 init.d script'
  Fixing Tomcat 8 init.d script
  + /bin/sed -i -e 's/\/usr\/sbin\/tomcat8/\/usr\/sbin\/tomcat-elasticbeanstalk/g' /etc/init.d/tomcat8
  + cat /etc/init.d/tomcat8
  + grep -q /etc/elasticbeanstalk/set-ulimit.sh
  + sed -i '/function start() {/a \ \ \ if [ -f /etc/elasticbeanstalk/set-ulimit.sh ]; then . /etc/elasticbeanstalk/set-ulimit.sh; fi' /etc/init.d/tomcat8
  + echo 'Adding X-Forwarded-Proto valve'
  Adding X-Forwarded-Proto valve
  + /bin/sed -i -e '/<\/Host>/ i\
      <Valve className="org.apache.catalina.valves.RemoteIpValve" protocolHeader="X-Forwarded-Proto" internalProxies="10\.\d+\.\d+\.\d+|192\.168\.\d+\.\d+|169\.254\.\d+\.\d+|127\.\d+\.\d+\.\d+|172\.(1[6-9]|2[0-9]|3[0-1])\.\d+\.\d+" \/>
  ' /etc/tomcat8/server.xml
  + echo 'Setting UTF-8 support'
  Setting UTF-8 support
  + grep -q 'Elastic Beanstalk' /etc/tomcat8/server.xml
  + sed -i '1 a\<!-- Elastic Beanstalk Maintained -->' /etc/tomcat8/server.xml
  + sed -i 's/<Connector port=\"8080\" protocol=\"HTTP\/1.1\"/&
               URIEncoding="UTF-8"/g' /etc/tomcat8/server.xml
  + ln -sf /usr/share/java/apache-commons-pool.jar /usr/share/tomcat8/lib/
[2020-03-25T21:39:41.029Z] INFO  [2221]  - [Initialization/PreInitStage0/PreInitHook/03processmgrsetup.sh] : Starting activity...
[2020-03-25T21:39:41.104Z] INFO  [2221]  - [Initialization/PreInitStage0/PreInitHook/03processmgrsetup.sh] : Completed activity. Result:
  ++ /opt/elasticbeanstalk/bin/get-config container -k tomcat_version
  + TOMCAT_VERSION=8.5
  + '[' 8.5 == 8.5 ']'
  + TOMCAT_VERSION=8
  + MONIT_TOMCAT_CONF=monit-tomcat8.conf
  + /bin/cp -f /opt/elasticbeanstalk/containerfiles/monit-tomcat8.conf /etc/monit.d/
  + chmod 0600 /etc/monit.d/monit-tomcat8.conf
[2020-03-25T21:39:41.104Z] INFO  [2221]  - [Initialization/PreInitStage0/PreInitHook] : Completed activity. Result:
  Successfully execute hooks in directory /opt/elasticbeanstalk/hooks/preinit.
[2020-03-25T21:39:41.104Z] INFO  [2221]  - [Initialization/PreInitStage0] : Completed activity. Result:
  Initialization - Command CMD-PreInit stage 0 completed
[2020-03-25T21:39:41.104Z] INFO  [2221]  - [Initialization/AddonsAfter] : Starting activity...
[2020-03-25T21:39:41.104Z] INFO  [2221]  - [Initialization/AddonsAfter] : Completed activity.
[2020-03-25T21:39:41.104Z] INFO  [2221]  - [Initialization] : Completed activity. Result:
  Initialization - Command CMD-PreInit succeeded
******************* End of taillog *******************


[2020-03-25T21:39:41.501Z] Tailing /var/log/eb-tools.log

******************* eb-tools taillog *******************
***eb-tools is not available yet.***
******************* End of taillog *******************


[2020-03-25T21:39:41.502Z] Tailing /var/log/eb-version-deployment.log

******************* eb-version-deployment taillog *******************
***eb-version-deployment is not available yet.***
******************* End of taillog *******************


[2020-03-25T21:39:41.504Z] Tailing /var/log/cfn-init.log

******************* cfn-init taillog *******************
2020-03-25 21:39:35,726 [INFO] -----------------------Starting build-----------------------
2020-03-25 21:39:35,731 [INFO] Running configSets: _OnInstanceBoot
2020-03-25 21:39:35,734 [INFO] Running configSet _OnInstanceBoot
2020-03-25 21:39:35,738 [INFO] Running config AWSEBBaseConfig
2020-03-25 21:39:35,743 [INFO] Command clearbackupfiles succeeded
2020-03-25 21:39:35,748 [INFO] Running config AWSEBMessageOfTheDay
2020-03-25 21:39:35,751 [INFO] Command 01clearoriginal succeeded
2020-03-25 21:39:35,755 [INFO] Command 02createbanner succeeded
2020-03-25 21:39:35,765 [INFO] Command 03updatebanner succeeded
2020-03-25 21:39:35,770 [INFO] Running config AWSEBULimitConfig
2020-03-25 21:39:35,774 [INFO] Command 00removebackup succeeded
2020-03-25 21:39:35,778 [INFO] Running config AWSEBCfnHupEndpointOverride
2020-03-25 21:39:35,781 [INFO] Command clearbackupfiles succeeded
2020-03-25 21:39:35,785 [INFO] Running config Infra-InstallContainerHooksPkg
2020-03-25 21:39:35,788 [INFO] Command 00mkdir succeeded
2020-03-25 21:39:35,823 [INFO] Command 01download_container_hooks succeeded
2020-03-25 21:39:35,829 [INFO] Command 02install_container_hooks succeeded
2020-03-25 21:39:35,831 [INFO] Command 03cleanup succeeded
2020-03-25 21:39:35,835 [INFO] Running config Infra-WriteLeaderTestScript
2020-03-25 21:39:35,840 [INFO] Running config Infra-WriteTailLogsConf
2020-03-25 21:39:35,844 [INFO] Running config Infra-WriteSystemTailLogsConf
2020-03-25 21:39:35,848 [INFO] Running config Infra-WriteBundleLogsConf
2020-03-25 21:39:35,851 [INFO] Running config Infra-WritePublishLogsConf
2020-03-25 21:39:35,855 [INFO] Running config Infra-WritePublishLogsCron
2020-03-25 21:39:35,856 [INFO] ConfigSets completed
2020-03-25 21:39:35,856 [INFO] -----------------------Build complete-----------------------
******************* End of taillog *******************


[2020-03-25T21:39:41.507Z] Tailing /var/log/cfn-hup.log

******************* cfn-hup taillog *******************
2020-03-25 21:39:36,835 [DEBUG] CloudFormation client initialized with endpoint https://cloudformation.us-east-1.amazonaws.com
2020-03-25 21:39:36,836 [DEBUG] SQS client initialized with endpoint https://sqs.us-east-1.amazonaws.com
2020-03-25 21:39:36,836 [DEBUG] CloudFormation client initialized with endpoint https://cloudformation.us-east-1.amazonaws.com
2020-03-25 21:39:36,836 [DEBUG] Enabled single threading mode.
2020-03-25 21:39:36,836 [DEBUG] Creating /var/lib/cfn-hup/data
2020-03-25 21:39:36,842 [INFO] No umask value specified in config file. Using the default one: 022
2020-03-25 21:39:36,856 [DEBUG] Registering listener i-086294e0af6373aac for stack arn:aws:cloudformation:us-east-1:973590021417:stack/awseb-e-zy8qehshrv-stack/f8db6940-6ee0-11ea-a733-0ee829539650
2020-03-25 21:39:37,324 [INFO] Refreshing listener credentials
2020-03-25 21:39:37,324 [DEBUG] Get listener credentials for listener i-086294e0af6373aac in stack arn:aws:cloudformation:us-east-1:973590021417:stack/awseb-e-zy8qehshrv-stack/f8db6940-6ee0-11ea-a733-0ee829539650
2020-03-25 21:39:37,439 [INFO] Scheduling next credential refresh in 7200 seconds
2020-03-25 21:39:37,440 [DEBUG] Receiving messages for queue https://sqs.us-east-1.amazonaws.com/668920780829/29b43a297d73e1e0307bee9c10447f1956724d99cbfd59224bd0ff760e8afaab
******************* End of taillog *******************


+ exit 0
[2020-03-25T21:39:41.510Z] Completed EB Bootstrapping Script.
25 Mar 21:39:45 ntpdate[2066]: step time server 199.101.100.221 offset 0.935902 sec
Starting ntpd: [  OK  ]
